[0.216s] Invoking command in '/home/nwhit210/sub_ws/build/mecanum_drive_controller': CMAKE_PREFIX_PATH=/opt/ros/humble /usr/bin/cmake /home/nwhit210/sub_ws/src/mecanum_drive_controller -DCMAKE_INSTALL_PREFIX=/home/nwhit210/sub_ws/install/mecanum_drive_controller
[2.858s] -- The CXX compiler identification is GNU 11.4.0
[7.581s] -- Detecting CXX compiler ABI info
[8.562s] -- Detecting CXX compiler ABI info - done
[8.602s] -- Check for working CXX compiler: /usr/bin/c++ - skipped
[8.605s] -- Detecting CXX compile features
[8.612s] -- Detecting CXX compile features - done
[8.649s] -- Found ament_cmake: 1.3.11 (/opt/ros/humble/share/ament_cmake/cmake)
[9.593s] -- Found Python3: /usr/bin/python3 (found version "3.10.12") found components: Interpreter 
[10.512s] -- Found controller_interface: 2.50.0 (/opt/ros/humble/share/controller_interface/cmake)
[14.510s] -- Found rosidl_generator_c: 3.1.6 (/opt/ros/humble/share/rosidl_generator_c/cmake)
[14.547s] -- Found rosidl_adapter: 3.1.6 (/opt/ros/humble/share/rosidl_adapter/cmake)
[14.632s] -- Found rosidl_generator_cpp: 3.1.6 (/opt/ros/humble/share/rosidl_generator_cpp/cmake)
[14.789s] -- Using all available rosidl_typesupport_c: rosidl_typesupport_fastrtps_c;rosidl_typesupport_introspection_c
[14.945s] -- Using all available rosidl_typesupport_cpp: rosidl_typesupport_fastrtps_cpp;rosidl_typesupport_introspection_cpp
[22.096s] -- Found rmw_implementation_cmake: 6.1.2 (/opt/ros/humble/share/rmw_implementation_cmake/cmake)
[22.124s] -- Found rmw_fastrtps_cpp: 6.2.7 (/opt/ros/humble/share/rmw_fastrtps_cpp/cmake)
[22.374s] -- Found TinyXML2 via Config file: TinyXML2_DIR-NOTFOUND
[22.753s] -- Found OpenSSL: /usr/lib/x86_64-linux-gnu/libcrypto.so (found version "3.0.2")  
[22.777s] -- Found TinyXML2 via Config file: TinyXML2_DIR-NOTFOUND
[24.034s] -- Found FastRTPS: /opt/ros/humble/include  
[24.068s] -- Found TinyXML2 via Config file: TinyXML2_DIR-NOTFOUND
[24.116s] -- Found TinyXML2 via Config file: TinyXML2_DIR-NOTFOUND
[24.676s] -- Using RMW implementation 'rmw_fastrtps_cpp' as default
[24.746s] -- Looking for C++ include pthread.h
[25.872s] -- Looking for C++ include pthread.h - found
[25.872s] -- Performing Test CMAKE_HAVE_LIBC_PTHREAD
[27.199s] -- Performing Test CMAKE_HAVE_LIBC_PTHREAD - Success
[27.206s] -- Found Threads: TRUE  
[27.627s] -- Found generate_parameter_library: 0.4.0 (/opt/ros/humble/share/generate_parameter_library/cmake)
[27.678s] -- Found parameter_traits: 0.4.0 (/opt/ros/humble/share/parameter_traits/cmake)
[28.095s] -- Found nav_msgs: 4.8.0 (/opt/ros/humble/share/nav_msgs/cmake)
[28.284s] -- Found realtime_tools: 2.13.0 (/opt/ros/humble/share/realtime_tools/cmake)
[28.421s] -- Found std_srvs: 4.8.0 (/opt/ros/humble/share/std_srvs/cmake)
[28.557s] -- Found tf2: 0.25.12 (/opt/ros/humble/share/tf2/cmake)
[28.588s] -- Found tf2_geometry_msgs: 0.25.12 (/opt/ros/humble/share/tf2_geometry_msgs/cmake)
[29.200s] -- Found eigen3_cmake_module: 0.1.1 (/opt/ros/humble/share/eigen3_cmake_module/cmake)
[29.211s] -- Found Eigen3: TRUE (found version "3.4.0") 
[29.211s] -- Ensuring Eigen3 include directory is part of orocos-kdl CMake target
[29.842s] -- Found ament_cmake_gmock: 1.3.11 (/opt/ros/humble/share/ament_cmake_gmock/cmake)
[29.865s] -- Found controller_manager: 2.50.0 (/opt/ros/humble/share/controller_manager/cmake)
[30.140s] -- Found ros2_control_test_assets: 2.50.0 (/opt/ros/humble/share/ros2_control_test_assets/cmake)
[30.175s] -- Found gmock sources under '/opt/ros/humble/src/gmock_vendor': C++ tests using 'Google Mock' will be built
[31.577s] -- The C compiler identification is GNU 11.4.0
[35.723s] -- Detecting C compiler ABI info
[37.485s] -- Detecting C compiler ABI info - done
[37.523s] -- Check for working C compiler: /usr/bin/cc - skipped
[37.524s] -- Detecting C compile features
[37.527s] -- Detecting C compile features - done
[37.547s] -- Found ament_cmake_gtest: 1.3.11 (/opt/ros/humble/share/ament_cmake_gtest/cmake)
[37.554s] -- Found gtest sources under '/opt/ros/humble/src/gtest_vendor': C++ tests using 'Google Test' will be built
[38.251s] -- Configuring done
[38.761s] -- Generating done
[38.861s] -- Build files have been written to: /home/nwhit210/sub_ws/build/mecanum_drive_controller
