[0.209s] DEBUG:colcon:Command line arguments: ['/usr/bin/colcon', 'build', '--packages-select', 'sub_rsp']
[0.209s] DEBUG:colcon:Parsed command line arguments: Namespace(log_base=None, log_level=None, verb_name='build', build_base='build', install_base='install', merge_install=False, symlink_install=False, test_result_base=None, continue_on_error=False, executor='parallel', parallel_workers=8, event_handlers=None, ignore_user_meta=False, metas=['./colcon.meta'], base_paths=['.'], packages_ignore=None, packages_ignore_regex=None, paths=None, packages_up_to=None, packages_up_to_regex=None, packages_above=None, packages_above_and_dependencies=None, packages_above_depth=None, packages_select_by_dep=None, packages_skip_by_dep=None, packages_skip_up_to=None, packages_select_build_failed=False, packages_skip_build_finished=False, packages_select_test_failures=False, packages_skip_test_passed=False, packages_select=['sub_rsp'], packages_skip=None, packages_select_regex=None, packages_skip_regex=None, packages_start=None, packages_end=None, allow_overriding=[], cmake_args=None, cmake_target=None, cmake_target_skip_unavailable=False, cmake_clean_cache=False, cmake_clean_first=False, cmake_force_configure=False, ament_cmake_args=None, catkin_cmake_args=None, catkin_skip_building_tests=False, mixin_files=None, mixin=None, verb_parser=<colcon_mixin.mixin.mixin_argument.MixinArgumentDecorator object at 0x7fa60b069750>, verb_extension=<colcon_core.verb.build.BuildVerb object at 0x7fa60b068ee0>, main=<bound method BuildVerb.main of <colcon_core.verb.build.BuildVerb object at 0x7fa60b068ee0>>, mixin_verb=('build',))
[0.311s] Level 1:colcon.colcon_core.package_discovery:discover_packages(colcon_meta) check parameters
[0.311s] Level 1:colcon.colcon_core.package_discovery:discover_packages(recursive) check parameters
[0.311s] Level 1:colcon.colcon_core.package_discovery:discover_packages(ignore) check parameters
[0.311s] Level 1:colcon.colcon_core.package_discovery:discover_packages(path) check parameters
[0.311s] Level 1:colcon.colcon_core.package_discovery:discover_packages(colcon_meta) discover
[0.311s] Level 1:colcon.colcon_core.package_discovery:discover_packages(recursive) discover
[0.311s] INFO:colcon.colcon_core.package_discovery:Crawling recursively for packages in '/home/nwhit210/sub_ws'
[0.311s] Level 1:colcon.colcon_core.package_identification:_identify(.) by extensions ['ignore', 'ignore_ament_install']
[0.311s] Level 1:colcon.colcon_core.package_identification:_identify(.) by extension 'ignore'
[0.311s] Level 1:colcon.colcon_core.package_identification:_identify(.) by extension 'ignore_ament_install'
[0.311s] Level 1:colcon.colcon_core.package_identification:_identify(.) by extensions ['colcon_pkg']
[0.311s] Level 1:colcon.colcon_core.package_identification:_identify(.) by extension 'colcon_pkg'
[0.311s] Level 1:colcon.colcon_core.package_identification:_identify(.) by extensions ['colcon_meta']
[0.311s] Level 1:colcon.colcon_core.package_identification:_identify(.) by extension 'colcon_meta'
[0.311s] Level 1:colcon.colcon_core.package_identification:_identify(.) by extensions ['ros']
[0.311s] Level 1:colcon.colcon_core.package_identification:_identify(.) by extension 'ros'
[0.327s] Level 1:colcon.colcon_core.package_identification:_identify(.) by extensions ['cmake', 'python']
[0.327s] Level 1:colcon.colcon_core.package_identification:_identify(.) by extension 'cmake'
[0.327s] Level 1:colcon.colcon_core.package_identification:_identify(.) by extension 'python'
[0.327s] Level 1:colcon.colcon_core.package_identification:_identify(.) by extensions ['python_setup_py']
[0.327s] Level 1:colcon.colcon_core.package_identification:_identify(.) by extension 'python_setup_py'
[0.327s] Level 1:colcon.colcon_core.package_identification:_identify(build) by extensions ['ignore', 'ignore_ament_install']
[0.328s] Level 1:colcon.colcon_core.package_identification:_identify(build) by extension 'ignore'
[0.328s] Level 1:colcon.colcon_core.package_identification:_identify(build) ignored
[0.328s] Level 1:colcon.colcon_core.package_identification:_identify(install) by extensions ['ignore', 'ignore_ament_install']
[0.328s] Level 1:colcon.colcon_core.package_identification:_identify(install) by extension 'ignore'
[0.328s] Level 1:colcon.colcon_core.package_identification:_identify(install) ignored
[0.328s] Level 1:colcon.colcon_core.package_identification:_identify(log) by extensions ['ignore', 'ignore_ament_install']
[0.328s] Level 1:colcon.colcon_core.package_identification:_identify(log) by extension 'ignore'
[0.328s] Level 1:colcon.colcon_core.package_identification:_identify(log) ignored
[0.328s] Level 1:colcon.colcon_core.package_identification:_identify(src) by extensions ['ignore', 'ignore_ament_install']
[0.328s] Level 1:colcon.colcon_core.package_identification:_identify(src) by extension 'ignore'
[0.328s] Level 1:colcon.colcon_core.package_identification:_identify(src) by extension 'ignore_ament_install'
[0.328s] Level 1:colcon.colcon_core.package_identification:_identify(src) by extensions ['colcon_pkg']
[0.328s] Level 1:colcon.colcon_core.package_identification:_identify(src) by extension 'colcon_pkg'
[0.328s] Level 1:colcon.colcon_core.package_identification:_identify(src) by extensions ['colcon_meta']
[0.328s] Level 1:colcon.colcon_core.package_identification:_identify(src) by extension 'colcon_meta'
[0.328s] Level 1:colcon.colcon_core.package_identification:_identify(src) by extensions ['ros']
[0.328s] Level 1:colcon.colcon_core.package_identification:_identify(src) by extension 'ros'
[0.328s] Level 1:colcon.colcon_core.package_identification:_identify(src) by extensions ['cmake', 'python']
[0.328s] Level 1:colcon.colcon_core.package_identification:_identify(src) by extension 'cmake'
[0.328s] Level 1:colcon.colcon_core.package_identification:_identify(src) by extension 'python'
[0.328s] Level 1:colcon.colcon_core.package_identification:_identify(src) by extensions ['python_setup_py']
[0.328s] Level 1:colcon.colcon_core.package_identification:_identify(src) by extension 'python_setup_py'
[0.328s] Level 1:colcon.colcon_core.package_identification:_identify(src/diffdrive_arduino) by extensions ['ignore', 'ignore_ament_install']
[0.328s] Level 1:colcon.colcon_core.package_identification:_identify(src/diffdrive_arduino) by extension 'ignore'
[0.328s] Level 1:colcon.colcon_core.package_identification:_identify(src/diffdrive_arduino) by extension 'ignore_ament_install'
[0.329s] Level 1:colcon.colcon_core.package_identification:_identify(src/diffdrive_arduino) by extensions ['colcon_pkg']
[0.329s] Level 1:colcon.colcon_core.package_identification:_identify(src/diffdrive_arduino) by extension 'colcon_pkg'
[0.329s] Level 1:colcon.colcon_core.package_identification:_identify(src/diffdrive_arduino) by extensions ['colcon_meta']
[0.329s] Level 1:colcon.colcon_core.package_identification:_identify(src/diffdrive_arduino) by extension 'colcon_meta'
[0.329s] Level 1:colcon.colcon_core.package_identification:_identify(src/diffdrive_arduino) by extensions ['ros']
[0.329s] Level 1:colcon.colcon_core.package_identification:_identify(src/diffdrive_arduino) by extension 'ros'
[0.330s] DEBUG:colcon.colcon_core.package_identification:Package 'src/diffdrive_arduino' with type 'ros.ament_cmake' and name 'diffdrive_arduino'
[0.331s] Level 1:colcon.colcon_core.package_identification:_identify(src/mecanum_drive_controller) by extensions ['ignore', 'ignore_ament_install']
[0.331s] Level 1:colcon.colcon_core.package_identification:_identify(src/mecanum_drive_controller) by extension 'ignore'
[0.331s] Level 1:colcon.colcon_core.package_identification:_identify(src/mecanum_drive_controller) by extension 'ignore_ament_install'
[0.331s] Level 1:colcon.colcon_core.package_identification:_identify(src/mecanum_drive_controller) by extensions ['colcon_pkg']
[0.331s] Level 1:colcon.colcon_core.package_identification:_identify(src/mecanum_drive_controller) by extension 'colcon_pkg'
[0.331s] Level 1:colcon.colcon_core.package_identification:_identify(src/mecanum_drive_controller) by extensions ['colcon_meta']
[0.331s] Level 1:colcon.colcon_core.package_identification:_identify(src/mecanum_drive_controller) by extension 'colcon_meta'
[0.331s] Level 1:colcon.colcon_core.package_identification:_identify(src/mecanum_drive_controller) by extensions ['ros']
[0.331s] Level 1:colcon.colcon_core.package_identification:_identify(src/mecanum_drive_controller) by extension 'ros'
[0.332s] DEBUG:colcon.colcon_core.package_identification:Package 'src/mecanum_drive_controller' with type 'ros.ament_cmake' and name 'mecanum_drive_controller'
[0.332s] Level 1:colcon.colcon_core.package_identification:_identify(src/sub_rsp) by extensions ['ignore', 'ignore_ament_install']
[0.332s] Level 1:colcon.colcon_core.package_identification:_identify(src/sub_rsp) by extension 'ignore'
[0.332s] Level 1:colcon.colcon_core.package_identification:_identify(src/sub_rsp) by extension 'ignore_ament_install'
[0.332s] Level 1:colcon.colcon_core.package_identification:_identify(src/sub_rsp) by extensions ['colcon_pkg']
[0.332s] Level 1:colcon.colcon_core.package_identification:_identify(src/sub_rsp) by extension 'colcon_pkg'
[0.332s] Level 1:colcon.colcon_core.package_identification:_identify(src/sub_rsp) by extensions ['colcon_meta']
[0.332s] Level 1:colcon.colcon_core.package_identification:_identify(src/sub_rsp) by extension 'colcon_meta'
[0.332s] Level 1:colcon.colcon_core.package_identification:_identify(src/sub_rsp) by extensions ['ros']
[0.332s] Level 1:colcon.colcon_core.package_identification:_identify(src/sub_rsp) by extension 'ros'
[0.333s] DEBUG:colcon.colcon_core.package_identification:Package 'src/sub_rsp' with type 'ros.ament_cmake' and name 'sub_rsp'
[0.333s] Level 1:colcon.colcon_core.package_discovery:discover_packages(recursive) using defaults
[0.333s] Level 1:colcon.colcon_core.package_discovery:discover_packages(ignore) discover
[0.333s] Level 1:colcon.colcon_core.package_discovery:discover_packages(ignore) using defaults
[0.333s] Level 1:colcon.colcon_core.package_discovery:discover_packages(path) discover
[0.333s] Level 1:colcon.colcon_core.package_discovery:discover_packages(path) using defaults
[0.347s] INFO:colcon.colcon_core.package_selection:Skipping not selected package 'diffdrive_arduino' in 'src/diffdrive_arduino'
[0.347s] INFO:colcon.colcon_core.package_selection:Skipping not selected package 'mecanum_drive_controller' in 'src/mecanum_drive_controller'
[0.347s] Level 1:colcon.colcon_core.package_discovery:discover_packages(prefix_path) check parameters
[0.347s] Level 1:colcon.colcon_core.package_discovery:discover_packages(prefix_path) discover
[0.348s] WARNING:colcon.colcon_ros.prefix_path.ament:The path '/home/nwhit210/sub_ws/install/sub_rsp' in the environment variable AMENT_PREFIX_PATH doesn't exist
[0.348s] WARNING:colcon.colcon_ros.prefix_path.catkin:The path '/home/nwhit210/sub_ws/install/sub_rsp' in the environment variable CMAKE_PREFIX_PATH doesn't exist
[0.348s] DEBUG:colcon.colcon_installed_package_information.package_discovery:Found 0 installed packages in /home/nwhit210/sub_ws/install
[0.349s] DEBUG:colcon.colcon_installed_package_information.package_discovery:Found 392 installed packages in /opt/ros/humble
[0.351s] Level 1:colcon.colcon_core.package_discovery:discover_packages(prefix_path) using defaults
[0.377s] Level 5:colcon.colcon_core.verb:set package 'sub_rsp' build argument 'cmake_args' from command line to 'None'
[0.377s] Level 5:colcon.colcon_core.verb:set package 'sub_rsp' build argument 'cmake_target' from command line to 'None'
[0.377s] Level 5:colcon.colcon_core.verb:set package 'sub_rsp' build argument 'cmake_target_skip_unavailable' from command line to 'False'
[0.377s] Level 5:colcon.colcon_core.verb:set package 'sub_rsp' build argument 'cmake_clean_cache' from command line to 'False'
[0.377s] Level 5:colcon.colcon_core.verb:set package 'sub_rsp' build argument 'cmake_clean_first' from command line to 'False'
[0.377s] Level 5:colcon.colcon_core.verb:set package 'sub_rsp' build argument 'cmake_force_configure' from command line to 'False'
[0.377s] Level 5:colcon.colcon_core.verb:set package 'sub_rsp' build argument 'ament_cmake_args' from command line to 'None'
[0.378s] Level 5:colcon.colcon_core.verb:set package 'sub_rsp' build argument 'catkin_cmake_args' from command line to 'None'
[0.378s] Level 5:colcon.colcon_core.verb:set package 'sub_rsp' build argument 'catkin_skip_building_tests' from command line to 'False'
[0.378s] DEBUG:colcon.colcon_core.verb:Building package 'sub_rsp' with the following arguments: {'ament_cmake_args': None, 'build_base': '/home/nwhit210/sub_ws/build/sub_rsp', 'catkin_cmake_args': None, 'catkin_skip_building_tests': False, 'cmake_args': None, 'cmake_clean_cache': False, 'cmake_clean_first': False, 'cmake_force_configure': False, 'cmake_target': None, 'cmake_target_skip_unavailable': False, 'install_base': '/home/nwhit210/sub_ws/install/sub_rsp', 'merge_install': False, 'path': '/home/nwhit210/sub_ws/src/sub_rsp', 'symlink_install': False, 'test_result_base': None}
[0.378s] INFO:colcon.colcon_core.executor:Executing jobs using 'parallel' executor
[0.379s] DEBUG:colcon.colcon_parallel_executor.executor.parallel:run_until_complete
[0.379s] INFO:colcon.colcon_ros.task.ament_cmake.build:Building ROS package in '/home/nwhit210/sub_ws/src/sub_rsp' with build type 'ament_cmake'
[0.379s] INFO:colcon.colcon_cmake.task.cmake.build:Building CMake package in '/home/nwhit210/sub_ws/src/sub_rsp'
[0.381s] INFO:colcon.colcon_core.plugin_system:Skipping extension 'colcon_core.shell.bat': Not used on non-Windows systems
[0.381s] INFO:colcon.colcon_core.shell:Skip shell extension 'powershell' for command environment: Not usable outside of PowerShell
[0.381s] DEBUG:colcon.colcon_core.shell:Skip shell extension 'dsv' for command environment
[0.392s] DEBUG:colcon.colcon_core.event_handler.log_command:Invoking command in '/home/nwhit210/sub_ws/build/sub_rsp': CMAKE_PREFIX_PATH=${CMAKE_PREFIX_PATH}:/opt/ros/humble /usr/bin/cmake /home/nwhit210/sub_ws/src/sub_rsp -DCMAKE_INSTALL_PREFIX=/home/nwhit210/sub_ws/install/sub_rsp
[3.085s] DEBUG:colcon.colcon_core.event_handler.log_command:Invoked command in '/home/nwhit210/sub_ws/build/sub_rsp' returned '0': CMAKE_PREFIX_PATH=${CMAKE_PREFIX_PATH}:/opt/ros/humble /usr/bin/cmake /home/nwhit210/sub_ws/src/sub_rsp -DCMAKE_INSTALL_PREFIX=/home/nwhit210/sub_ws/install/sub_rsp
[3.086s] DEBUG:colcon.colcon_core.event_handler.log_command:Invoking command in '/home/nwhit210/sub_ws/build/sub_rsp': CMAKE_PREFIX_PATH=${CMAKE_PREFIX_PATH}:/opt/ros/humble /usr/bin/cmake --build /home/nwhit210/sub_ws/build/sub_rsp -- -j8 -l8
[3.107s] DEBUG:colcon.colcon_core.event_handler.log_command:Invoked command in '/home/nwhit210/sub_ws/build/sub_rsp' returned '0': CMAKE_PREFIX_PATH=${CMAKE_PREFIX_PATH}:/opt/ros/humble /usr/bin/cmake --build /home/nwhit210/sub_ws/build/sub_rsp -- -j8 -l8
[3.114s] DEBUG:colcon.colcon_core.event_handler.log_command:Invoking command in '/home/nwhit210/sub_ws/build/sub_rsp': CMAKE_PREFIX_PATH=${CMAKE_PREFIX_PATH}:/opt/ros/humble /usr/bin/cmake --install /home/nwhit210/sub_ws/build/sub_rsp
[3.132s] Level 1:colcon.colcon_core.environment:create_environment_scripts_only(sub_rsp)
[3.133s] DEBUG:colcon.colcon_core.event_handler.log_command:Invoked command in '/home/nwhit210/sub_ws/build/sub_rsp' returned '0': CMAKE_PREFIX_PATH=${CMAKE_PREFIX_PATH}:/opt/ros/humble /usr/bin/cmake --install /home/nwhit210/sub_ws/build/sub_rsp
[3.135s] Level 1:colcon.colcon_core.environment:checking '/home/nwhit210/sub_ws/install/sub_rsp' for CMake module files
[3.135s] Level 1:colcon.colcon_core.environment:checking '/home/nwhit210/sub_ws/install/sub_rsp' for CMake config files
[3.136s] Level 1:colcon.colcon_core.shell:create_environment_hook('sub_rsp', 'cmake_prefix_path')
[3.136s] INFO:colcon.colcon_core.shell:Creating environment hook '/home/nwhit210/sub_ws/install/sub_rsp/share/sub_rsp/hook/cmake_prefix_path.ps1'
[3.136s] INFO:colcon.colcon_core.shell:Creating environment descriptor '/home/nwhit210/sub_ws/install/sub_rsp/share/sub_rsp/hook/cmake_prefix_path.dsv'
[3.137s] INFO:colcon.colcon_core.shell:Creating environment hook '/home/nwhit210/sub_ws/install/sub_rsp/share/sub_rsp/hook/cmake_prefix_path.sh'
[3.137s] Level 1:colcon.colcon_core.environment:checking '/home/nwhit210/sub_ws/install/sub_rsp/bin'
[3.137s] Level 1:colcon.colcon_core.environment:checking '/home/nwhit210/sub_ws/install/sub_rsp/lib/pkgconfig/sub_rsp.pc'
[3.138s] Level 1:colcon.colcon_core.environment:checking '/home/nwhit210/sub_ws/install/sub_rsp/lib/python3.10/site-packages'
[3.138s] Level 1:colcon.colcon_core.environment:checking '/home/nwhit210/sub_ws/install/sub_rsp/bin'
[3.138s] INFO:colcon.colcon_core.shell:Creating package script '/home/nwhit210/sub_ws/install/sub_rsp/share/sub_rsp/package.ps1'
[3.139s] INFO:colcon.colcon_core.shell:Creating package descriptor '/home/nwhit210/sub_ws/install/sub_rsp/share/sub_rsp/package.dsv'
[3.139s] INFO:colcon.colcon_core.shell:Creating package script '/home/nwhit210/sub_ws/install/sub_rsp/share/sub_rsp/package.sh'
[3.139s] INFO:colcon.colcon_core.shell:Creating package script '/home/nwhit210/sub_ws/install/sub_rsp/share/sub_rsp/package.bash'
[3.140s] INFO:colcon.colcon_core.shell:Creating package script '/home/nwhit210/sub_ws/install/sub_rsp/share/sub_rsp/package.zsh'
[3.140s] Level 1:colcon.colcon_core.environment:create_file_with_runtime_dependencies(/home/nwhit210/sub_ws/install/sub_rsp/share/colcon-core/packages/sub_rsp)
[3.141s] Level 1:colcon.colcon_core.environment:create_environment_scripts_only(sub_rsp)
[3.141s] Level 1:colcon.colcon_core.environment:checking '/home/nwhit210/sub_ws/install/sub_rsp' for CMake module files
[3.141s] Level 1:colcon.colcon_core.environment:checking '/home/nwhit210/sub_ws/install/sub_rsp' for CMake config files
[3.141s] Level 1:colcon.colcon_core.shell:create_environment_hook('sub_rsp', 'cmake_prefix_path')
[3.142s] INFO:colcon.colcon_core.shell:Creating environment hook '/home/nwhit210/sub_ws/install/sub_rsp/share/sub_rsp/hook/cmake_prefix_path.ps1'
[3.142s] INFO:colcon.colcon_core.shell:Creating environment descriptor '/home/nwhit210/sub_ws/install/sub_rsp/share/sub_rsp/hook/cmake_prefix_path.dsv'
[3.142s] INFO:colcon.colcon_core.shell:Creating environment hook '/home/nwhit210/sub_ws/install/sub_rsp/share/sub_rsp/hook/cmake_prefix_path.sh'
[3.143s] Level 1:colcon.colcon_core.environment:checking '/home/nwhit210/sub_ws/install/sub_rsp/bin'
[3.143s] Level 1:colcon.colcon_core.environment:checking '/home/nwhit210/sub_ws/install/sub_rsp/lib/pkgconfig/sub_rsp.pc'
[3.143s] Level 1:colcon.colcon_core.environment:checking '/home/nwhit210/sub_ws/install/sub_rsp/lib/python3.10/site-packages'
[3.143s] Level 1:colcon.colcon_core.environment:checking '/home/nwhit210/sub_ws/install/sub_rsp/bin'
[3.143s] INFO:colcon.colcon_core.shell:Creating package script '/home/nwhit210/sub_ws/install/sub_rsp/share/sub_rsp/package.ps1'
[3.144s] INFO:colcon.colcon_core.shell:Creating package descriptor '/home/nwhit210/sub_ws/install/sub_rsp/share/sub_rsp/package.dsv'
[3.145s] INFO:colcon.colcon_core.shell:Creating package script '/home/nwhit210/sub_ws/install/sub_rsp/share/sub_rsp/package.sh'
[3.146s] INFO:colcon.colcon_core.shell:Creating package script '/home/nwhit210/sub_ws/install/sub_rsp/share/sub_rsp/package.bash'
[3.146s] INFO:colcon.colcon_core.shell:Creating package script '/home/nwhit210/sub_ws/install/sub_rsp/share/sub_rsp/package.zsh'
[3.147s] Level 1:colcon.colcon_core.environment:create_file_with_runtime_dependencies(/home/nwhit210/sub_ws/install/sub_rsp/share/colcon-core/packages/sub_rsp)
[3.149s] DEBUG:colcon.colcon_parallel_executor.executor.parallel:closing loop
[3.149s] DEBUG:colcon.colcon_parallel_executor.executor.parallel:loop closed
[3.150s] DEBUG:colcon.colcon_parallel_executor.executor.parallel:run_until_complete finished with '0'
[3.151s] DEBUG:colcon.colcon_core.event_reactor:joining thread
[3.313s] INFO:colcon.colcon_core.plugin_system:Skipping extension 'colcon_notification.desktop_notification.notify_send': Could not find 'notify-send'
[3.313s] INFO:colcon.colcon_core.plugin_system:Skipping extension 'colcon_notification.desktop_notification.terminal_notifier': Not used on non-Darwin systems
[3.313s] INFO:colcon.colcon_core.plugin_system:Skipping extension 'colcon_notification.desktop_notification.win32': Not used on non-Windows systems
[3.313s] INFO:colcon.colcon_notification.desktop_notification:Sending desktop notification using 'notify2'
[3.313s] DEBUG:colcon.colcon_notification.desktop_notification.notify2:Failed to initialize notify2: org.freedesktop.DBus.Error.FileNotFound: Failed to connect to socket /run/user/1000/bus: No such file or directory
[3.314s] DEBUG:colcon.colcon_core.event_reactor:joined thread
[3.314s] INFO:colcon.colcon_core.shell:Creating prefix script '/home/nwhit210/sub_ws/install/local_setup.ps1'
[3.315s] INFO:colcon.colcon_core.shell:Creating prefix util module '/home/nwhit210/sub_ws/install/_local_setup_util_ps1.py'
[3.315s] INFO:colcon.colcon_core.shell:Creating prefix chain script '/home/nwhit210/sub_ws/install/setup.ps1'
[3.316s] INFO:colcon.colcon_core.shell:Creating prefix script '/home/nwhit210/sub_ws/install/local_setup.sh'
[3.316s] INFO:colcon.colcon_core.shell:Creating prefix util module '/home/nwhit210/sub_ws/install/_local_setup_util_sh.py'
[3.317s] INFO:colcon.colcon_core.shell:Creating prefix chain script '/home/nwhit210/sub_ws/install/setup.sh'
[3.317s] INFO:colcon.colcon_core.shell:Creating prefix script '/home/nwhit210/sub_ws/install/local_setup.bash'
[3.317s] INFO:colcon.colcon_core.shell:Creating prefix chain script '/home/nwhit210/sub_ws/install/setup.bash'
[3.318s] INFO:colcon.colcon_core.shell:Creating prefix script '/home/nwhit210/sub_ws/install/local_setup.zsh'
[3.318s] INFO:colcon.colcon_core.shell:Creating prefix chain script '/home/nwhit210/sub_ws/install/setup.zsh'
