[0.031s] Invoking command in '/home/nwhit210/sub_ws/build/diffdrive_arduino': CMAKE_PREFIX_PATH=${CMAKE_PREFIX_PATH}:/opt/ros/humble /usr/bin/cmake /home/nwhit210/sub_ws/src/diffdrive_arduino -DCMAKE_INSTALL_PREFIX=/home/nwhit210/sub_ws/install/diffdrive_arduino
[0.328s] -- The CXX compiler identification is GNU 11.4.0
[1.129s] -- Detecting CXX compiler ABI info
[1.343s] -- Detecting CXX compiler ABI info - done
[1.349s] -- Check for working CXX compiler: /usr/bin/c++ - skipped
[1.349s] -- Detecting CXX compile features
[1.349s] -- Detecting CXX compile features - done
[1.352s] -- Found ament_cmake: 1.3.11 (/opt/ros/humble/share/ament_cmake/cmake)
[1.512s] -- Found Python3: /usr/bin/python3 (found version "3.10.12") found components: Interpreter 
[1.630s] -- Found hardware_interface: 2.50.0 (/opt/ros/humble/share/hardware_interface/cmake)
[1.915s] -- Found rosidl_generator_c: 3.1.6 (/opt/ros/humble/share/rosidl_generator_c/cmake)
[1.922s] -- Found rosidl_adapter: 3.1.6 (/opt/ros/humble/share/rosidl_adapter/cmake)
[1.932s] -- Found rosidl_generator_cpp: 3.1.6 (/opt/ros/humble/share/rosidl_generator_cpp/cmake)
[1.947s] -- Using all available rosidl_typesupport_c: rosidl_typesupport_fastrtps_c;rosidl_typesupport_introspection_c
[1.961s] -- Using all available rosidl_typesupport_cpp: rosidl_typesupport_fastrtps_cpp;rosidl_typesupport_introspection_cpp
[4.438s] -- Found rmw_implementation_cmake: 6.1.2 (/opt/ros/humble/share/rmw_implementation_cmake/cmake)
[4.441s] -- Found rmw_fastrtps_cpp: 6.2.7 (/opt/ros/humble/share/rmw_fastrtps_cpp/cmake)
[4.471s] -- Found TinyXML2 via Config file: TinyXML2_DIR-NOTFOUND
[4.528s] -- Found OpenSSL: /usr/lib/x86_64-linux-gnu/libcrypto.so (found version "3.0.2")  
[4.530s] -- Found TinyXML2 via Config file: TinyXML2_DIR-NOTFOUND
[4.903s] -- Found FastRTPS: /opt/ros/humble/include  
[4.908s] -- Found TinyXML2 via Config file: TinyXML2_DIR-NOTFOUND
[4.919s] -- Found TinyXML2 via Config file: TinyXML2_DIR-NOTFOUND
[5.112s] -- Using RMW implementation 'rmw_fastrtps_cpp' as default
[5.119s] -- Looking for C++ include pthread.h
[5.374s] -- Looking for C++ include pthread.h - found
[5.375s] -- Performing Test CMAKE_HAVE_LIBC_PTHREAD
[5.623s] -- Performing Test CMAKE_HAVE_LIBC_PTHREAD - Success
[5.623s] -- Found Threads: TRUE  
[5.679s] -- Found ament_cmake_gtest: 1.3.11 (/opt/ros/humble/share/ament_cmake_gtest/cmake)
[5.752s] -- Configuring done
[5.776s] -- Generating done
[5.782s] -- Build files have been written to: /home/nwhit210/sub_ws/build/diffdrive_arduino
[5.795s] Invoked command in '/home/nwhit210/sub_ws/build/diffdrive_arduino' returned '0': CMAKE_PREFIX_PATH=${CMAKE_PREFIX_PATH}:/opt/ros/humble /usr/bin/cmake /home/nwhit210/sub_ws/src/diffdrive_arduino -DCMAKE_INSTALL_PREFIX=/home/nwhit210/sub_ws/install/diffdrive_arduino
[5.796s] Invoking command in '/home/nwhit210/sub_ws/build/diffdrive_arduino': CMAKE_PREFIX_PATH=${CMAKE_PREFIX_PATH}:/opt/ros/humble /usr/bin/cmake --build /home/nwhit210/sub_ws/build/diffdrive_arduino -- -j8 -l8
[5.848s] [ 50%] [32mBuilding CXX object CMakeFiles/diffdrive_arduino.dir/hardware/diffbot_system.cpp.o[0m
[6.002s] In file included from [01m[K/home/nwhit210/sub_ws/src/diffdrive_arduino/hardware/include/diffdrive_arduino/diffbot_system.hpp:34[m[K,
[6.002s]                  from [01m[K/home/nwhit210/sub_ws/src/diffdrive_arduino/hardware/diffbot_system.cpp:15[m[K:
[6.002s] [01m[K/home/nwhit210/sub_ws/src/diffdrive_arduino/hardware/include/diffdrive_arduino/pigpio.hpp:5:10:[m[K [01;31m[Kfatal error: [m[Kpigpio.h: No such file or directory
[6.002s]     5 | #include [01;31m[K<pigpio.h>[m[K
[6.002s]       |          [01;31m[K^~~~~~~~~~[m[K
[6.002s] compilation terminated.
[6.004s] gmake[2]: *** [CMakeFiles/diffdrive_arduino.dir/build.make:76: CMakeFiles/diffdrive_arduino.dir/hardware/diffbot_system.cpp.o] Error 1
[6.004s] gmake[1]: *** [CMakeFiles/Makefile2:137: CMakeFiles/diffdrive_arduino.dir/all] Error 2
[6.004s] gmake: *** [Makefile:146: all] Error 2
[6.006s] Invoked command in '/home/nwhit210/sub_ws/build/diffdrive_arduino' returned '2': CMAKE_PREFIX_PATH=${CMAKE_PREFIX_PATH}:/opt/ros/humble /usr/bin/cmake --build /home/nwhit210/sub_ws/build/diffdrive_arduino -- -j8 -l8
