[0.382s] DEBUG:colcon:Command line arguments: ['/usr/bin/colcon', 'build', '--packages-select', 'sub_rsp']
[0.382s] DEBUG:colcon:Parsed command line arguments: Namespace(log_base=None, log_level=None, verb_name='build', build_base='build', install_base='install', merge_install=False, symlink_install=False, test_result_base=None, continue_on_error=False, executor='parallel', parallel_workers=8, event_handlers=None, ignore_user_meta=False, metas=['./colcon.meta'], base_paths=['.'], packages_ignore=None, packages_ignore_regex=None, paths=None, packages_up_to=None, packages_up_to_regex=None, packages_above=None, packages_above_and_dependencies=None, packages_above_depth=None, packages_select_by_dep=None, packages_skip_by_dep=None, packages_skip_up_to=None, packages_select_build_failed=False, packages_skip_build_finished=False, packages_select_test_failures=False, packages_skip_test_passed=False, packages_select=['sub_rsp'], packages_skip=None, packages_select_regex=None, packages_skip_regex=None, packages_start=None, packages_end=None, allow_overriding=[], cmake_args=None, cmake_target=None, cmake_target_skip_unavailable=False, cmake_clean_cache=False, cmake_clean_first=False, cmake_force_configure=False, ament_cmake_args=None, catkin_cmake_args=None, catkin_skip_building_tests=False, mixin_files=None, mixin=None, verb_parser=<colcon_mixin.mixin.mixin_argument.MixinArgumentDecorator object at 0x7fca8b7d57b0>, verb_extension=<colcon_core.verb.build.BuildVerb object at 0x7fca8b7d4f40>, main=<bound method BuildVerb.main of <colcon_core.verb.build.BuildVerb object at 0x7fca8b7d4f40>>, mixin_verb=('build',))
[0.630s] Level 1:colcon.colcon_core.package_discovery:discover_packages(colcon_meta) check parameters
[0.631s] Level 1:colcon.colcon_core.package_discovery:discover_packages(recursive) check parameters
[0.631s] Level 1:colcon.colcon_core.package_discovery:discover_packages(ignore) check parameters
[0.631s] Level 1:colcon.colcon_core.package_discovery:discover_packages(path) check parameters
[0.631s] Level 1:colcon.colcon_core.package_discovery:discover_packages(colcon_meta) discover
[0.631s] Level 1:colcon.colcon_core.package_discovery:discover_packages(recursive) discover
[0.631s] INFO:colcon.colcon_core.package_discovery:Crawling recursively for packages in '/home/nwhit210/sub_ws'
[0.631s] Level 1:colcon.colcon_core.package_identification:_identify(.) by extensions ['ignore', 'ignore_ament_install']
[0.631s] Level 1:colcon.colcon_core.package_identification:_identify(.) by extension 'ignore'
[0.632s] Level 1:colcon.colcon_core.package_identification:_identify(.) by extension 'ignore_ament_install'
[0.632s] Level 1:colcon.colcon_core.package_identification:_identify(.) by extensions ['colcon_pkg']
[0.632s] Level 1:colcon.colcon_core.package_identification:_identify(.) by extension 'colcon_pkg'
[0.632s] Level 1:colcon.colcon_core.package_identification:_identify(.) by extensions ['colcon_meta']
[0.632s] Level 1:colcon.colcon_core.package_identification:_identify(.) by extension 'colcon_meta'
[0.632s] Level 1:colcon.colcon_core.package_identification:_identify(.) by extensions ['ros']
[0.632s] Level 1:colcon.colcon_core.package_identification:_identify(.) by extension 'ros'
[0.666s] Level 1:colcon.colcon_core.package_identification:_identify(.) by extensions ['cmake', 'python']
[0.666s] Level 1:colcon.colcon_core.package_identification:_identify(.) by extension 'cmake'
[0.666s] Level 1:colcon.colcon_core.package_identification:_identify(.) by extension 'python'
[0.666s] Level 1:colcon.colcon_core.package_identification:_identify(.) by extensions ['python_setup_py']
[0.666s] Level 1:colcon.colcon_core.package_identification:_identify(.) by extension 'python_setup_py'
[0.667s] Level 1:colcon.colcon_core.package_identification:_identify(build) by extensions ['ignore', 'ignore_ament_install']
[0.667s] Level 1:colcon.colcon_core.package_identification:_identify(build) by extension 'ignore'
[0.667s] Level 1:colcon.colcon_core.package_identification:_identify(build) ignored
[0.667s] Level 1:colcon.colcon_core.package_identification:_identify(install) by extensions ['ignore', 'ignore_ament_install']
[0.667s] Level 1:colcon.colcon_core.package_identification:_identify(install) by extension 'ignore'
[0.668s] Level 1:colcon.colcon_core.package_identification:_identify(install) ignored
[0.668s] Level 1:colcon.colcon_core.package_identification:_identify(log) by extensions ['ignore', 'ignore_ament_install']
[0.668s] Level 1:colcon.colcon_core.package_identification:_identify(log) by extension 'ignore'
[0.668s] Level 1:colcon.colcon_core.package_identification:_identify(log) ignored
[0.668s] Level 1:colcon.colcon_core.package_identification:_identify(src) by extensions ['ignore', 'ignore_ament_install']
[0.668s] Level 1:colcon.colcon_core.package_identification:_identify(src) by extension 'ignore'
[0.668s] Level 1:colcon.colcon_core.package_identification:_identify(src) by extension 'ignore_ament_install'
[0.668s] Level 1:colcon.colcon_core.package_identification:_identify(src) by extensions ['colcon_pkg']
[0.669s] Level 1:colcon.colcon_core.package_identification:_identify(src) by extension 'colcon_pkg'
[0.669s] Level 1:colcon.colcon_core.package_identification:_identify(src) by extensions ['colcon_meta']
[0.669s] Level 1:colcon.colcon_core.package_identification:_identify(src) by extension 'colcon_meta'
[0.669s] Level 1:colcon.colcon_core.package_identification:_identify(src) by extensions ['ros']
[0.669s] Level 1:colcon.colcon_core.package_identification:_identify(src) by extension 'ros'
[0.669s] Level 1:colcon.colcon_core.package_identification:_identify(src) by extensions ['cmake', 'python']
[0.669s] Level 1:colcon.colcon_core.package_identification:_identify(src) by extension 'cmake'
[0.669s] Level 1:colcon.colcon_core.package_identification:_identify(src) by extension 'python'
[0.670s] Level 1:colcon.colcon_core.package_identification:_identify(src) by extensions ['python_setup_py']
[0.670s] Level 1:colcon.colcon_core.package_identification:_identify(src) by extension 'python_setup_py'
[0.670s] Level 1:colcon.colcon_core.package_identification:_identify(src/diffdrive_arduino) by extensions ['ignore', 'ignore_ament_install']
[0.670s] Level 1:colcon.colcon_core.package_identification:_identify(src/diffdrive_arduino) by extension 'ignore'
[0.670s] Level 1:colcon.colcon_core.package_identification:_identify(src/diffdrive_arduino) by extension 'ignore_ament_install'
[0.670s] Level 1:colcon.colcon_core.package_identification:_identify(src/diffdrive_arduino) by extensions ['colcon_pkg']
[0.670s] Level 1:colcon.colcon_core.package_identification:_identify(src/diffdrive_arduino) by extension 'colcon_pkg'
[0.670s] Level 1:colcon.colcon_core.package_identification:_identify(src/diffdrive_arduino) by extensions ['colcon_meta']
[0.670s] Level 1:colcon.colcon_core.package_identification:_identify(src/diffdrive_arduino) by extension 'colcon_meta'
[0.671s] Level 1:colcon.colcon_core.package_identification:_identify(src/diffdrive_arduino) by extensions ['ros']
[0.671s] Level 1:colcon.colcon_core.package_identification:_identify(src/diffdrive_arduino) by extension 'ros'
[0.676s] DEBUG:colcon.colcon_core.package_identification:Package 'src/diffdrive_arduino' with type 'ros.ament_cmake' and name 'diffdrive_arduino'
[0.676s] Level 1:colcon.colcon_core.package_identification:_identify(src/sub_rsp) by extensions ['ignore', 'ignore_ament_install']
[0.676s] Level 1:colcon.colcon_core.package_identification:_identify(src/sub_rsp) by extension 'ignore'
[0.676s] Level 1:colcon.colcon_core.package_identification:_identify(src/sub_rsp) by extension 'ignore_ament_install'
[0.677s] Level 1:colcon.colcon_core.package_identification:_identify(src/sub_rsp) by extensions ['colcon_pkg']
[0.677s] Level 1:colcon.colcon_core.package_identification:_identify(src/sub_rsp) by extension 'colcon_pkg'
[0.677s] Level 1:colcon.colcon_core.package_identification:_identify(src/sub_rsp) by extensions ['colcon_meta']
[0.677s] Level 1:colcon.colcon_core.package_identification:_identify(src/sub_rsp) by extension 'colcon_meta'
[0.677s] Level 1:colcon.colcon_core.package_identification:_identify(src/sub_rsp) by extensions ['ros']
[0.677s] Level 1:colcon.colcon_core.package_identification:_identify(src/sub_rsp) by extension 'ros'
[0.678s] DEBUG:colcon.colcon_core.package_identification:Package 'src/sub_rsp' with type 'ros.ament_cmake' and name 'sub_rsp'
[0.678s] Level 1:colcon.colcon_core.package_discovery:discover_packages(recursive) using defaults
[0.678s] Level 1:colcon.colcon_core.package_discovery:discover_packages(ignore) discover
[0.678s] Level 1:colcon.colcon_core.package_discovery:discover_packages(ignore) using defaults
[0.678s] Level 1:colcon.colcon_core.package_discovery:discover_packages(path) discover
[0.678s] Level 1:colcon.colcon_core.package_discovery:discover_packages(path) using defaults
[0.711s] INFO:colcon.colcon_core.package_selection:Skipping not selected package 'diffdrive_arduino' in 'src/diffdrive_arduino'
[0.711s] Level 1:colcon.colcon_core.package_discovery:discover_packages(prefix_path) check parameters
[0.712s] Level 1:colcon.colcon_core.package_discovery:discover_packages(prefix_path) discover
[0.714s] DEBUG:colcon.colcon_installed_package_information.package_discovery:Found 3 installed packages in /home/nwhit210/sub_ws/install
[0.716s] DEBUG:colcon.colcon_installed_package_information.package_discovery:Found 392 installed packages in /opt/ros/humble
[0.719s] Level 1:colcon.colcon_core.package_discovery:discover_packages(prefix_path) using defaults
[0.781s] Level 5:colcon.colcon_core.verb:set package 'sub_rsp' build argument 'cmake_args' from command line to 'None'
[0.781s] Level 5:colcon.colcon_core.verb:set package 'sub_rsp' build argument 'cmake_target' from command line to 'None'
[0.781s] Level 5:colcon.colcon_core.verb:set package 'sub_rsp' build argument 'cmake_target_skip_unavailable' from command line to 'False'
[0.781s] Level 5:colcon.colcon_core.verb:set package 'sub_rsp' build argument 'cmake_clean_cache' from command line to 'False'
[0.781s] Level 5:colcon.colcon_core.verb:set package 'sub_rsp' build argument 'cmake_clean_first' from command line to 'False'
[0.781s] Level 5:colcon.colcon_core.verb:set package 'sub_rsp' build argument 'cmake_force_configure' from command line to 'False'
[0.781s] Level 5:colcon.colcon_core.verb:set package 'sub_rsp' build argument 'ament_cmake_args' from command line to 'None'
[0.781s] Level 5:colcon.colcon_core.verb:set package 'sub_rsp' build argument 'catkin_cmake_args' from command line to 'None'
[0.781s] Level 5:colcon.colcon_core.verb:set package 'sub_rsp' build argument 'catkin_skip_building_tests' from command line to 'False'
[0.781s] DEBUG:colcon.colcon_core.verb:Building package 'sub_rsp' with the following arguments: {'ament_cmake_args': None, 'build_base': '/home/nwhit210/sub_ws/build/sub_rsp', 'catkin_cmake_args': None, 'catkin_skip_building_tests': False, 'cmake_args': None, 'cmake_clean_cache': False, 'cmake_clean_first': False, 'cmake_force_configure': False, 'cmake_target': None, 'cmake_target_skip_unavailable': False, 'install_base': '/home/nwhit210/sub_ws/install/sub_rsp', 'merge_install': False, 'path': '/home/nwhit210/sub_ws/src/sub_rsp', 'symlink_install': False, 'test_result_base': None}
[0.781s] INFO:colcon.colcon_core.executor:Executing jobs using 'parallel' executor
[0.783s] DEBUG:colcon.colcon_parallel_executor.executor.parallel:run_until_complete
[0.783s] INFO:colcon.colcon_ros.task.ament_cmake.build:Building ROS package in '/home/nwhit210/sub_ws/src/sub_rsp' with build type 'ament_cmake'
[0.783s] INFO:colcon.colcon_cmake.task.cmake.build:Building CMake package in '/home/nwhit210/sub_ws/src/sub_rsp'
[0.789s] INFO:colcon.colcon_core.plugin_system:Skipping extension 'colcon_core.shell.bat': Not used on non-Windows systems
[0.789s] INFO:colcon.colcon_core.shell:Skip shell extension 'powershell' for command environment: Not usable outside of PowerShell
[0.789s] DEBUG:colcon.colcon_core.shell:Skip shell extension 'dsv' for command environment
[0.806s] DEBUG:colcon.colcon_core.event_handler.log_command:Invoking command in '/home/nwhit210/sub_ws/build/sub_rsp': CMAKE_PREFIX_PATH=${CMAKE_PREFIX_PATH}:/opt/ros/humble /usr/bin/cmake --build /home/nwhit210/sub_ws/build/sub_rsp -- -j8 -l8
[0.858s] DEBUG:colcon.colcon_core.event_handler.log_command:Invoked command in '/home/nwhit210/sub_ws/build/sub_rsp' returned '0': CMAKE_PREFIX_PATH=${CMAKE_PREFIX_PATH}:/opt/ros/humble /usr/bin/cmake --build /home/nwhit210/sub_ws/build/sub_rsp -- -j8 -l8
[0.869s] DEBUG:colcon.colcon_core.event_handler.log_command:Invoking command in '/home/nwhit210/sub_ws/build/sub_rsp': CMAKE_PREFIX_PATH=${CMAKE_PREFIX_PATH}:/opt/ros/humble /usr/bin/cmake --install /home/nwhit210/sub_ws/build/sub_rsp
[0.896s] Level 1:colcon.colcon_core.environment:create_environment_scripts_only(sub_rsp)
[0.898s] DEBUG:colcon.colcon_core.event_handler.log_command:Invoked command in '/home/nwhit210/sub_ws/build/sub_rsp' returned '0': CMAKE_PREFIX_PATH=${CMAKE_PREFIX_PATH}:/opt/ros/humble /usr/bin/cmake --install /home/nwhit210/sub_ws/build/sub_rsp
[0.901s] Level 1:colcon.colcon_core.environment:checking '/home/nwhit210/sub_ws/install/sub_rsp' for CMake module files
[0.902s] Level 1:colcon.colcon_core.environment:checking '/home/nwhit210/sub_ws/install/sub_rsp' for CMake config files
[0.903s] Level 1:colcon.colcon_core.shell:create_environment_hook('sub_rsp', 'cmake_prefix_path')
[0.903s] INFO:colcon.colcon_core.shell:Creating environment hook '/home/nwhit210/sub_ws/install/sub_rsp/share/sub_rsp/hook/cmake_prefix_path.ps1'
[0.904s] INFO:colcon.colcon_core.shell:Creating environment descriptor '/home/nwhit210/sub_ws/install/sub_rsp/share/sub_rsp/hook/cmake_prefix_path.dsv'
[0.905s] INFO:colcon.colcon_core.shell:Creating environment hook '/home/nwhit210/sub_ws/install/sub_rsp/share/sub_rsp/hook/cmake_prefix_path.sh'
[0.907s] Level 1:colcon.colcon_core.environment:checking '/home/nwhit210/sub_ws/install/sub_rsp/bin'
[0.907s] Level 1:colcon.colcon_core.environment:checking '/home/nwhit210/sub_ws/install/sub_rsp/lib/pkgconfig/sub_rsp.pc'
[0.908s] Level 1:colcon.colcon_core.environment:checking '/home/nwhit210/sub_ws/install/sub_rsp/lib/python3.10/site-packages'
[0.908s] Level 1:colcon.colcon_core.environment:checking '/home/nwhit210/sub_ws/install/sub_rsp/bin'
[0.909s] INFO:colcon.colcon_core.shell:Creating package script '/home/nwhit210/sub_ws/install/sub_rsp/share/sub_rsp/package.ps1'
[0.910s] INFO:colcon.colcon_core.shell:Creating package descriptor '/home/nwhit210/sub_ws/install/sub_rsp/share/sub_rsp/package.dsv'
[0.911s] INFO:colcon.colcon_core.shell:Creating package script '/home/nwhit210/sub_ws/install/sub_rsp/share/sub_rsp/package.sh'
[0.913s] INFO:colcon.colcon_core.shell:Creating package script '/home/nwhit210/sub_ws/install/sub_rsp/share/sub_rsp/package.bash'
[0.914s] INFO:colcon.colcon_core.shell:Creating package script '/home/nwhit210/sub_ws/install/sub_rsp/share/sub_rsp/package.zsh'
[0.915s] Level 1:colcon.colcon_core.environment:create_file_with_runtime_dependencies(/home/nwhit210/sub_ws/install/sub_rsp/share/colcon-core/packages/sub_rsp)
[0.916s] Level 1:colcon.colcon_core.environment:create_environment_scripts_only(sub_rsp)
[0.916s] Level 1:colcon.colcon_core.environment:checking '/home/nwhit210/sub_ws/install/sub_rsp' for CMake module files
[0.917s] Level 1:colcon.colcon_core.environment:checking '/home/nwhit210/sub_ws/install/sub_rsp' for CMake config files
[0.918s] Level 1:colcon.colcon_core.shell:create_environment_hook('sub_rsp', 'cmake_prefix_path')
[0.918s] INFO:colcon.colcon_core.shell:Creating environment hook '/home/nwhit210/sub_ws/install/sub_rsp/share/sub_rsp/hook/cmake_prefix_path.ps1'
[0.919s] INFO:colcon.colcon_core.shell:Creating environment descriptor '/home/nwhit210/sub_ws/install/sub_rsp/share/sub_rsp/hook/cmake_prefix_path.dsv'
[0.919s] INFO:colcon.colcon_core.shell:Creating environment hook '/home/nwhit210/sub_ws/install/sub_rsp/share/sub_rsp/hook/cmake_prefix_path.sh'
[0.920s] Level 1:colcon.colcon_core.environment:checking '/home/nwhit210/sub_ws/install/sub_rsp/bin'
[0.921s] Level 1:colcon.colcon_core.environment:checking '/home/nwhit210/sub_ws/install/sub_rsp/lib/pkgconfig/sub_rsp.pc'
[0.921s] Level 1:colcon.colcon_core.environment:checking '/home/nwhit210/sub_ws/install/sub_rsp/lib/python3.10/site-packages'
[0.921s] Level 1:colcon.colcon_core.environment:checking '/home/nwhit210/sub_ws/install/sub_rsp/bin'
[0.922s] INFO:colcon.colcon_core.shell:Creating package script '/home/nwhit210/sub_ws/install/sub_rsp/share/sub_rsp/package.ps1'
[0.922s] INFO:colcon.colcon_core.shell:Creating package descriptor '/home/nwhit210/sub_ws/install/sub_rsp/share/sub_rsp/package.dsv'
[0.923s] INFO:colcon.colcon_core.shell:Creating package script '/home/nwhit210/sub_ws/install/sub_rsp/share/sub_rsp/package.sh'
[0.923s] INFO:colcon.colcon_core.shell:Creating package script '/home/nwhit210/sub_ws/install/sub_rsp/share/sub_rsp/package.bash'
[0.924s] INFO:colcon.colcon_core.shell:Creating package script '/home/nwhit210/sub_ws/install/sub_rsp/share/sub_rsp/package.zsh'
[0.924s] Level 1:colcon.colcon_core.environment:create_file_with_runtime_dependencies(/home/nwhit210/sub_ws/install/sub_rsp/share/colcon-core/packages/sub_rsp)
[0.925s] DEBUG:colcon.colcon_parallel_executor.executor.parallel:closing loop
[0.926s] DEBUG:colcon.colcon_parallel_executor.executor.parallel:loop closed
[0.926s] DEBUG:colcon.colcon_parallel_executor.executor.parallel:run_until_complete finished with '0'
[0.927s] DEBUG:colcon.colcon_core.event_reactor:joining thread
[1.049s] INFO:colcon.colcon_core.plugin_system:Skipping extension 'colcon_notification.desktop_notification.notify_send': Could not find 'notify-send'
[1.049s] INFO:colcon.colcon_core.plugin_system:Skipping extension 'colcon_notification.desktop_notification.terminal_notifier': Not used on non-Darwin systems
[1.049s] INFO:colcon.colcon_core.plugin_system:Skipping extension 'colcon_notification.desktop_notification.win32': Not used on non-Windows systems
[1.049s] INFO:colcon.colcon_notification.desktop_notification:Sending desktop notification using 'notify2'
[1.050s] DEBUG:colcon.colcon_notification.desktop_notification.notify2:Failed to initialize notify2: org.freedesktop.DBus.Error.FileNotFound: Failed to connect to socket /run/user/1000/bus: No such file or directory
[1.050s] DEBUG:colcon.colcon_core.event_reactor:joined thread
[1.050s] INFO:colcon.colcon_core.shell:Creating prefix script '/home/nwhit210/sub_ws/install/local_setup.ps1'
[1.052s] INFO:colcon.colcon_core.shell:Creating prefix util module '/home/nwhit210/sub_ws/install/_local_setup_util_ps1.py'
[1.054s] INFO:colcon.colcon_core.shell:Creating prefix chain script '/home/nwhit210/sub_ws/install/setup.ps1'
[1.057s] INFO:colcon.colcon_core.shell:Creating prefix script '/home/nwhit210/sub_ws/install/local_setup.sh'
[1.058s] INFO:colcon.colcon_core.shell:Creating prefix util module '/home/nwhit210/sub_ws/install/_local_setup_util_sh.py'
[1.059s] INFO:colcon.colcon_core.shell:Creating prefix chain script '/home/nwhit210/sub_ws/install/setup.sh'
[1.062s] INFO:colcon.colcon_core.shell:Creating prefix script '/home/nwhit210/sub_ws/install/local_setup.bash'
[1.064s] INFO:colcon.colcon_core.shell:Creating prefix chain script '/home/nwhit210/sub_ws/install/setup.bash'
[1.065s] INFO:colcon.colcon_core.shell:Creating prefix script '/home/nwhit210/sub_ws/install/local_setup.zsh'
[1.066s] INFO:colcon.colcon_core.shell:Creating prefix chain script '/home/nwhit210/sub_ws/install/setup.zsh'
