[0.022s] Invoking command in '/home/nwhit210/sub_ws/build/diffdrive_arduino': CMAKE_PREFIX_PATH=/opt/ros/humble /usr/bin/cmake /home/nwhit210/sub_ws/src/diffdrive_arduino -DCMAKE_INSTALL_PREFIX=/home/nwhit210/sub_ws/install/diffdrive_arduino
[0.354s] -- The CXX compiler identification is GNU 11.4.0
[0.999s] -- Detecting CXX compiler ABI info
[1.201s] -- Detecting CXX compiler ABI info - done
[1.207s] -- Check for working CXX compiler: /usr/bin/c++ - skipped
[1.208s] -- Detecting CXX compile features
[1.208s] -- Detecting CXX compile features - done
[1.214s] -- Found ament_cmake: 1.3.11 (/opt/ros/humble/share/ament_cmake/cmake)
[1.334s] -- Found Python3: /usr/bin/python3 (found version "3.10.12") found components: Interpreter 
[1.421s] -- Found hardware_interface: 2.50.0 (/opt/ros/humble/share/hardware_interface/cmake)
[1.777s] -- Found rosidl_generator_c: 3.1.6 (/opt/ros/humble/share/rosidl_generator_c/cmake)
[1.783s] -- Found rosidl_adapter: 3.1.6 (/opt/ros/humble/share/rosidl_adapter/cmake)
[1.796s] -- Found rosidl_generator_cpp: 3.1.6 (/opt/ros/humble/share/rosidl_generator_cpp/cmake)
[1.814s] -- Using all available rosidl_typesupport_c: rosidl_typesupport_fastrtps_c;rosidl_typesupport_introspection_c
[1.834s] -- Using all available rosidl_typesupport_cpp: rosidl_typesupport_fastrtps_cpp;rosidl_typesupport_introspection_cpp
[4.234s] -- Found rmw_implementation_cmake: 6.1.2 (/opt/ros/humble/share/rmw_implementation_cmake/cmake)
[4.238s] -- Found rmw_fastrtps_cpp: 6.2.7 (/opt/ros/humble/share/rmw_fastrtps_cpp/cmake)
[4.270s] -- Found TinyXML2 via Config file: TinyXML2_DIR-NOTFOUND
[4.308s] -- Found OpenSSL: /usr/lib/x86_64-linux-gnu/libcrypto.so (found version "3.0.2")  
[4.311s] -- Found TinyXML2 via Config file: TinyXML2_DIR-NOTFOUND
[4.634s] -- Found FastRTPS: /opt/ros/humble/include  
[4.640s] -- Found TinyXML2 via Config file: TinyXML2_DIR-NOTFOUND
[4.648s] -- Found TinyXML2 via Config file: TinyXML2_DIR-NOTFOUND
[4.795s] -- Using RMW implementation 'rmw_fastrtps_cpp' as default
[4.807s] -- Looking for C++ include pthread.h
[5.015s] -- Looking for C++ include pthread.h - found
[5.016s] -- Performing Test CMAKE_HAVE_LIBC_PTHREAD
[5.279s] -- Performing Test CMAKE_HAVE_LIBC_PTHREAD - Success
[5.280s] -- Found Threads: TRUE  
[5.353s] -- Found ament_cmake_gtest: 1.3.11 (/opt/ros/humble/share/ament_cmake_gtest/cmake)
[5.406s] -- Configuring done
[5.458s] -- Generating done
[5.461s] -- Build files have been written to: /home/nwhit210/sub_ws/build/diffdrive_arduino
