[0.019s] Invoking command in '/home/nwhit210/sub_ws/build/mecanum_drive_controller': CMAKE_PREFIX_PATH=/opt/ros/humble /usr/bin/cmake /home/nwhit210/sub_ws/src/mecanum_drive_controller -DCMAKE_INSTALL_PREFIX=/home/nwhit210/sub_ws/install/mecanum_drive_controller
[0.394s] -- The CXX compiler identification is GNU 11.4.0
[1.226s] -- Detecting CXX compiler ABI info
[1.464s] -- Detecting CXX compiler ABI info - done
[1.469s] -- Check for working CXX compiler: /usr/bin/c++ - skipped
[1.469s] -- Detecting CXX compile features
[1.469s] -- Detecting CXX compile features - done
[1.471s] -- Found ament_cmake: 1.3.11 (/opt/ros/humble/share/ament_cmake/cmake)
[1.582s] -- Found Python3: /usr/bin/python3 (found version "3.10.12") found components: Interpreter 
[1.652s] -- Found controller_interface: 2.50.0 (/opt/ros/humble/share/controller_interface/cmake)
[1.964s] -- Found rosidl_generator_c: 3.1.6 (/opt/ros/humble/share/rosidl_generator_c/cmake)
[1.968s] -- Found rosidl_adapter: 3.1.6 (/opt/ros/humble/share/rosidl_adapter/cmake)
[1.974s] -- Found rosidl_generator_cpp: 3.1.6 (/opt/ros/humble/share/rosidl_generator_cpp/cmake)
[1.981s] -- Using all available rosidl_typesupport_c: rosidl_typesupport_fastrtps_c;rosidl_typesupport_introspection_c
[1.993s] -- Using all available rosidl_typesupport_cpp: rosidl_typesupport_fastrtps_cpp;rosidl_typesupport_introspection_cpp
[4.227s] -- Found rmw_implementation_cmake: 6.1.2 (/opt/ros/humble/share/rmw_implementation_cmake/cmake)
[4.231s] -- Found rmw_fastrtps_cpp: 6.2.7 (/opt/ros/humble/share/rmw_fastrtps_cpp/cmake)
[4.262s] -- Found TinyXML2 via Config file: TinyXML2_DIR-NOTFOUND
[4.301s] -- Found OpenSSL: /usr/lib/x86_64-linux-gnu/libcrypto.so (found version "3.0.2")  
[4.304s] -- Found TinyXML2 via Config file: TinyXML2_DIR-NOTFOUND
[4.620s] -- Found FastRTPS: /opt/ros/humble/include  
[4.633s] -- Found TinyXML2 via Config file: TinyXML2_DIR-NOTFOUND
[4.640s] -- Found TinyXML2 via Config file: TinyXML2_DIR-NOTFOUND
[4.788s] -- Using RMW implementation 'rmw_fastrtps_cpp' as default
[4.800s] -- Looking for C++ include pthread.h
[5.044s] -- Looking for C++ include pthread.h - found
[5.045s] -- Performing Test CMAKE_HAVE_LIBC_PTHREAD
[5.330s] -- Performing Test CMAKE_HAVE_LIBC_PTHREAD - Success
[5.331s] -- Found Threads: TRUE  
[5.366s] -- Found generate_parameter_library: 0.4.0 (/opt/ros/humble/share/generate_parameter_library/cmake)
[5.369s] -- Found parameter_traits: 0.4.0 (/opt/ros/humble/share/parameter_traits/cmake)
[5.393s] -- Found nav_msgs: 4.8.0 (/opt/ros/humble/share/nav_msgs/cmake)
[5.413s] -- Found realtime_tools: 2.13.0 (/opt/ros/humble/share/realtime_tools/cmake)
[5.430s] -- Found std_srvs: 4.8.0 (/opt/ros/humble/share/std_srvs/cmake)
[5.447s] -- Found tf2: 0.25.12 (/opt/ros/humble/share/tf2/cmake)
[5.453s] -- Found tf2_geometry_msgs: 0.25.12 (/opt/ros/humble/share/tf2_geometry_msgs/cmake)
[5.563s] -- Found eigen3_cmake_module: 0.1.1 (/opt/ros/humble/share/eigen3_cmake_module/cmake)
[5.565s] -- Found Eigen3: TRUE (found version "3.4.0") 
[5.565s] -- Ensuring Eigen3 include directory is part of orocos-kdl CMake target
[5.630s] -- Found ament_cmake_gmock: 1.3.11 (/opt/ros/humble/share/ament_cmake_gmock/cmake)
[5.634s] -- Found controller_manager: 2.50.0 (/opt/ros/humble/share/controller_manager/cmake)
[5.668s] -- Found ros2_control_test_assets: 2.50.0 (/opt/ros/humble/share/ros2_control_test_assets/cmake)
[5.672s] -- Found gmock sources under '/opt/ros/humble/src/gmock_vendor': C++ tests using 'Google Mock' will be built
[5.930s] -- The C compiler identification is GNU 11.4.0
[6.669s] -- Detecting C compiler ABI info
[6.966s] -- Detecting C compiler ABI info - done
[6.970s] -- Check for working C compiler: /usr/bin/cc - skipped
[6.971s] -- Detecting C compile features
[6.971s] -- Detecting C compile features - done
[6.977s] -- Found ament_cmake_gtest: 1.3.11 (/opt/ros/humble/share/ament_cmake_gtest/cmake)
[6.979s] -- Found gtest sources under '/opt/ros/humble/src/gtest_vendor': C++ tests using 'Google Test' will be built
[7.054s] -- Configuring done
[7.123s] -- Generating done
[7.135s] -- Build files have been written to: /home/nwhit210/sub_ws/build/mecanum_drive_controller
