[1.159s] DEBUG:colcon:Command line arguments: ['/usr/bin/colcon', 'build', '--symlink-install']
[1.160s] DEBUG:colcon:Parsed command line arguments: Namespace(log_base=None, log_level=None, verb_name='build', build_base='build', install_base='install', merge_install=False, symlink_install=True, test_result_base=None, continue_on_error=False, executor='parallel', parallel_workers=8, event_handlers=None, ignore_user_meta=False, metas=['./colcon.meta'], base_paths=['.'], packages_ignore=None, packages_ignore_regex=None, paths=None, packages_up_to=None, packages_up_to_regex=None, packages_above=None, packages_above_and_dependencies=None, packages_above_depth=None, packages_select_by_dep=None, packages_skip_by_dep=None, packages_skip_up_to=None, packages_select_build_failed=False, packages_skip_build_finished=False, packages_select_test_failures=False, packages_skip_test_passed=False, packages_select=None, packages_skip=None, packages_select_regex=None, packages_skip_regex=None, packages_start=None, packages_end=None, allow_overriding=[], cmake_args=None, cmake_target=None, cmake_target_skip_unavailable=False, cmake_clean_cache=False, cmake_clean_first=False, cmake_force_configure=False, ament_cmake_args=None, catkin_cmake_args=None, catkin_skip_building_tests=False, mixin_files=None, mixin=None, verb_parser=<colcon_mixin.mixin.mixin_argument.MixinArgumentDecorator object at 0x7fda3c0b1630>, verb_extension=<colcon_core.verb.build.BuildVerb object at 0x7fda3c0b0dc0>, main=<bound method BuildVerb.main of <colcon_core.verb.build.BuildVerb object at 0x7fda3c0b0dc0>>, mixin_verb=('build',))
[2.408s] Level 1:colcon.colcon_core.package_discovery:discover_packages(colcon_meta) check parameters
[2.408s] Level 1:colcon.colcon_core.package_discovery:discover_packages(recursive) check parameters
[2.408s] Level 1:colcon.colcon_core.package_discovery:discover_packages(ignore) check parameters
[2.408s] Level 1:colcon.colcon_core.package_discovery:discover_packages(path) check parameters
[2.408s] Level 1:colcon.colcon_core.package_discovery:discover_packages(colcon_meta) discover
[2.409s] Level 1:colcon.colcon_core.package_discovery:discover_packages(recursive) discover
[2.409s] INFO:colcon.colcon_core.package_discovery:Crawling recursively for packages in '/home/nwhit210/sub_ws'
[2.409s] Level 1:colcon.colcon_core.package_identification:_identify(.) by extensions ['ignore', 'ignore_ament_install']
[2.409s] Level 1:colcon.colcon_core.package_identification:_identify(.) by extension 'ignore'
[2.410s] Level 1:colcon.colcon_core.package_identification:_identify(.) by extension 'ignore_ament_install'
[2.410s] Level 1:colcon.colcon_core.package_identification:_identify(.) by extensions ['colcon_pkg']
[2.410s] Level 1:colcon.colcon_core.package_identification:_identify(.) by extension 'colcon_pkg'
[2.410s] Level 1:colcon.colcon_core.package_identification:_identify(.) by extensions ['colcon_meta']
[2.411s] Level 1:colcon.colcon_core.package_identification:_identify(.) by extension 'colcon_meta'
[2.411s] Level 1:colcon.colcon_core.package_identification:_identify(.) by extensions ['ros']
[2.411s] Level 1:colcon.colcon_core.package_identification:_identify(.) by extension 'ros'
[2.478s] Level 1:colcon.colcon_core.package_identification:_identify(.) by extensions ['cmake', 'python']
[2.478s] Level 1:colcon.colcon_core.package_identification:_identify(.) by extension 'cmake'
[2.479s] Level 1:colcon.colcon_core.package_identification:_identify(.) by extension 'python'
[2.479s] Level 1:colcon.colcon_core.package_identification:_identify(.) by extensions ['python_setup_py']
[2.479s] Level 1:colcon.colcon_core.package_identification:_identify(.) by extension 'python_setup_py'
[2.479s] Level 1:colcon.colcon_core.package_identification:_identify(build) by extensions ['ignore', 'ignore_ament_install']
[2.480s] Level 1:colcon.colcon_core.package_identification:_identify(build) by extension 'ignore'
[2.480s] Level 1:colcon.colcon_core.package_identification:_identify(build) ignored
[2.480s] Level 1:colcon.colcon_core.package_identification:_identify(install) by extensions ['ignore', 'ignore_ament_install']
[2.480s] Level 1:colcon.colcon_core.package_identification:_identify(install) by extension 'ignore'
[2.481s] Level 1:colcon.colcon_core.package_identification:_identify(install) ignored
[2.481s] Level 1:colcon.colcon_core.package_identification:_identify(log) by extensions ['ignore', 'ignore_ament_install']
[2.481s] Level 1:colcon.colcon_core.package_identification:_identify(log) by extension 'ignore'
[2.481s] Level 1:colcon.colcon_core.package_identification:_identify(log) ignored
[2.481s] Level 1:colcon.colcon_core.package_identification:_identify(src) by extensions ['ignore', 'ignore_ament_install']
[2.482s] Level 1:colcon.colcon_core.package_identification:_identify(src) by extension 'ignore'
[2.482s] Level 1:colcon.colcon_core.package_identification:_identify(src) by extension 'ignore_ament_install'
[2.482s] Level 1:colcon.colcon_core.package_identification:_identify(src) by extensions ['colcon_pkg']
[2.482s] Level 1:colcon.colcon_core.package_identification:_identify(src) by extension 'colcon_pkg'
[2.482s] Level 1:colcon.colcon_core.package_identification:_identify(src) by extensions ['colcon_meta']
[2.482s] Level 1:colcon.colcon_core.package_identification:_identify(src) by extension 'colcon_meta'
[2.482s] Level 1:colcon.colcon_core.package_identification:_identify(src) by extensions ['ros']
[2.483s] Level 1:colcon.colcon_core.package_identification:_identify(src) by extension 'ros'
[2.483s] Level 1:colcon.colcon_core.package_identification:_identify(src) by extensions ['cmake', 'python']
[2.483s] Level 1:colcon.colcon_core.package_identification:_identify(src) by extension 'cmake'
[2.483s] Level 1:colcon.colcon_core.package_identification:_identify(src) by extension 'python'
[2.483s] Level 1:colcon.colcon_core.package_identification:_identify(src) by extensions ['python_setup_py']
[2.483s] Level 1:colcon.colcon_core.package_identification:_identify(src) by extension 'python_setup_py'
[2.483s] Level 1:colcon.colcon_core.package_identification:_identify(src/sub_rsp) by extensions ['ignore', 'ignore_ament_install']
[2.484s] Level 1:colcon.colcon_core.package_identification:_identify(src/sub_rsp) by extension 'ignore'
[2.484s] Level 1:colcon.colcon_core.package_identification:_identify(src/sub_rsp) by extension 'ignore_ament_install'
[2.484s] Level 1:colcon.colcon_core.package_identification:_identify(src/sub_rsp) by extensions ['colcon_pkg']
[2.484s] Level 1:colcon.colcon_core.package_identification:_identify(src/sub_rsp) by extension 'colcon_pkg'
[2.484s] Level 1:colcon.colcon_core.package_identification:_identify(src/sub_rsp) by extensions ['colcon_meta']
[2.484s] Level 1:colcon.colcon_core.package_identification:_identify(src/sub_rsp) by extension 'colcon_meta'
[2.484s] Level 1:colcon.colcon_core.package_identification:_identify(src/sub_rsp) by extensions ['ros']
[2.485s] Level 1:colcon.colcon_core.package_identification:_identify(src/sub_rsp) by extension 'ros'
[2.506s] DEBUG:colcon.colcon_core.package_identification:Package 'src/sub_rsp' with type 'ros.ament_cmake' and name 'sub_rsp'
[2.506s] Level 1:colcon.colcon_core.package_discovery:discover_packages(recursive) using defaults
[2.506s] Level 1:colcon.colcon_core.package_discovery:discover_packages(ignore) discover
[2.507s] Level 1:colcon.colcon_core.package_discovery:discover_packages(ignore) using defaults
[2.507s] Level 1:colcon.colcon_core.package_discovery:discover_packages(path) discover
[2.507s] Level 1:colcon.colcon_core.package_discovery:discover_packages(path) using defaults
[2.608s] Level 1:colcon.colcon_core.package_discovery:discover_packages(prefix_path) check parameters
[2.608s] Level 1:colcon.colcon_core.package_discovery:discover_packages(prefix_path) discover
[2.624s] DEBUG:colcon.colcon_installed_package_information.package_discovery:Found 378 installed packages in /opt/ros/humble
[2.631s] Level 1:colcon.colcon_core.package_discovery:discover_packages(prefix_path) using defaults
[2.841s] Level 5:colcon.colcon_core.verb:set package 'sub_rsp' build argument 'cmake_args' from command line to 'None'
[2.842s] Level 5:colcon.colcon_core.verb:set package 'sub_rsp' build argument 'cmake_target' from command line to 'None'
[2.842s] Level 5:colcon.colcon_core.verb:set package 'sub_rsp' build argument 'cmake_target_skip_unavailable' from command line to 'False'
[2.843s] Level 5:colcon.colcon_core.verb:set package 'sub_rsp' build argument 'cmake_clean_cache' from command line to 'False'
[2.843s] Level 5:colcon.colcon_core.verb:set package 'sub_rsp' build argument 'cmake_clean_first' from command line to 'False'
[2.843s] Level 5:colcon.colcon_core.verb:set package 'sub_rsp' build argument 'cmake_force_configure' from command line to 'False'
[2.843s] Level 5:colcon.colcon_core.verb:set package 'sub_rsp' build argument 'ament_cmake_args' from command line to 'None'
[2.843s] Level 5:colcon.colcon_core.verb:set package 'sub_rsp' build argument 'catkin_cmake_args' from command line to 'None'
[2.843s] Level 5:colcon.colcon_core.verb:set package 'sub_rsp' build argument 'catkin_skip_building_tests' from command line to 'False'
[2.843s] DEBUG:colcon.colcon_core.verb:Building package 'sub_rsp' with the following arguments: {'ament_cmake_args': None, 'build_base': '/home/nwhit210/sub_ws/build/sub_rsp', 'catkin_cmake_args': None, 'catkin_skip_building_tests': False, 'cmake_args': None, 'cmake_clean_cache': False, 'cmake_clean_first': False, 'cmake_force_configure': False, 'cmake_target': None, 'cmake_target_skip_unavailable': False, 'install_base': '/home/nwhit210/sub_ws/install/sub_rsp', 'merge_install': False, 'path': '/home/nwhit210/sub_ws/src/sub_rsp', 'symlink_install': True, 'test_result_base': None}
[2.844s] INFO:colcon.colcon_core.executor:Executing jobs using 'parallel' executor
[2.850s] DEBUG:colcon.colcon_parallel_executor.executor.parallel:run_until_complete
[2.852s] INFO:colcon.colcon_ros.task.ament_cmake.build:Building ROS package in '/home/nwhit210/sub_ws/src/sub_rsp' with build type 'ament_cmake'
[2.852s] INFO:colcon.colcon_cmake.task.cmake.build:Building CMake package in '/home/nwhit210/sub_ws/src/sub_rsp'
[2.873s] INFO:colcon.colcon_core.plugin_system:Skipping extension 'colcon_core.shell.bat': Not used on non-Windows systems
[2.874s] INFO:colcon.colcon_core.shell:Skip shell extension 'powershell' for command environment: Not usable outside of PowerShell
[2.874s] DEBUG:colcon.colcon_core.shell:Skip shell extension 'dsv' for command environment
[2.919s] DEBUG:colcon.colcon_core.event_handler.log_command:Invoking command in '/home/nwhit210/sub_ws/build/sub_rsp': CMAKE_PREFIX_PATH=/opt/ros/humble /usr/bin/cmake /home/nwhit210/sub_ws/src/sub_rsp -DAMENT_CMAKE_SYMLINK_INSTALL=1 -DCMAKE_INSTALL_PREFIX=/home/nwhit210/sub_ws/install/sub_rsp
[10.124s] DEBUG:colcon.colcon_core.event_handler.log_command:Invoked command in '/home/nwhit210/sub_ws/build/sub_rsp' returned '0': CMAKE_PREFIX_PATH=/opt/ros/humble /usr/bin/cmake /home/nwhit210/sub_ws/src/sub_rsp -DAMENT_CMAKE_SYMLINK_INSTALL=1 -DCMAKE_INSTALL_PREFIX=/home/nwhit210/sub_ws/install/sub_rsp
[10.129s] DEBUG:colcon.colcon_core.event_handler.log_command:Invoking command in '/home/nwhit210/sub_ws/build/sub_rsp': CMAKE_PREFIX_PATH=/opt/ros/humble /usr/bin/cmake --build /home/nwhit210/sub_ws/build/sub_rsp -- -j8 -l8
[10.217s] DEBUG:colcon.colcon_core.event_handler.log_command:Invoked command in '/home/nwhit210/sub_ws/build/sub_rsp' returned '0': CMAKE_PREFIX_PATH=/opt/ros/humble /usr/bin/cmake --build /home/nwhit210/sub_ws/build/sub_rsp -- -j8 -l8
[10.246s] DEBUG:colcon.colcon_core.event_handler.log_command:Invoking command in '/home/nwhit210/sub_ws/build/sub_rsp': CMAKE_PREFIX_PATH=/opt/ros/humble /usr/bin/cmake --install /home/nwhit210/sub_ws/build/sub_rsp
[11.024s] Level 1:colcon.colcon_core.environment:create_environment_scripts_only(sub_rsp)
[11.027s] DEBUG:colcon.colcon_core.event_handler.log_command:Invoked command in '/home/nwhit210/sub_ws/build/sub_rsp' returned '0': CMAKE_PREFIX_PATH=/opt/ros/humble /usr/bin/cmake --install /home/nwhit210/sub_ws/build/sub_rsp
[11.052s] Level 1:colcon.colcon_core.environment:checking '/home/nwhit210/sub_ws/install/sub_rsp' for CMake module files
[11.053s] Level 1:colcon.colcon_core.environment:checking '/home/nwhit210/sub_ws/install/sub_rsp' for CMake config files
[11.055s] Level 1:colcon.colcon_core.shell:create_environment_hook('sub_rsp', 'cmake_prefix_path')
[11.056s] INFO:colcon.colcon_core.shell:Creating environment hook '/home/nwhit210/sub_ws/install/sub_rsp/share/sub_rsp/hook/cmake_prefix_path.ps1'
[11.061s] INFO:colcon.colcon_core.shell:Creating environment descriptor '/home/nwhit210/sub_ws/install/sub_rsp/share/sub_rsp/hook/cmake_prefix_path.dsv'
[11.063s] INFO:colcon.colcon_core.shell:Creating environment hook '/home/nwhit210/sub_ws/install/sub_rsp/share/sub_rsp/hook/cmake_prefix_path.sh'
[11.066s] Level 1:colcon.colcon_core.environment:checking '/home/nwhit210/sub_ws/install/sub_rsp/bin'
[11.067s] Level 1:colcon.colcon_core.environment:checking '/home/nwhit210/sub_ws/install/sub_rsp/lib/pkgconfig/sub_rsp.pc'
[11.068s] Level 1:colcon.colcon_core.environment:checking '/home/nwhit210/sub_ws/install/sub_rsp/lib/python3.10/site-packages'
[11.069s] Level 1:colcon.colcon_core.environment:checking '/home/nwhit210/sub_ws/install/sub_rsp/bin'
[11.070s] INFO:colcon.colcon_core.shell:Creating package script '/home/nwhit210/sub_ws/install/sub_rsp/share/sub_rsp/package.ps1'
[11.073s] INFO:colcon.colcon_core.shell:Creating package descriptor '/home/nwhit210/sub_ws/install/sub_rsp/share/sub_rsp/package.dsv'
[11.075s] INFO:colcon.colcon_core.shell:Creating package script '/home/nwhit210/sub_ws/install/sub_rsp/share/sub_rsp/package.sh'
[11.078s] INFO:colcon.colcon_core.shell:Creating package script '/home/nwhit210/sub_ws/install/sub_rsp/share/sub_rsp/package.bash'
[11.082s] INFO:colcon.colcon_core.shell:Creating package script '/home/nwhit210/sub_ws/install/sub_rsp/share/sub_rsp/package.zsh'
[11.085s] Level 1:colcon.colcon_core.environment:create_file_with_runtime_dependencies(/home/nwhit210/sub_ws/install/sub_rsp/share/colcon-core/packages/sub_rsp)
[11.088s] Level 1:colcon.colcon_core.environment:create_environment_scripts_only(sub_rsp)
[11.088s] Level 1:colcon.colcon_core.environment:checking '/home/nwhit210/sub_ws/install/sub_rsp' for CMake module files
[11.089s] Level 1:colcon.colcon_core.environment:checking '/home/nwhit210/sub_ws/install/sub_rsp' for CMake config files
[11.090s] Level 1:colcon.colcon_core.shell:create_environment_hook('sub_rsp', 'cmake_prefix_path')
[11.091s] INFO:colcon.colcon_core.shell:Creating environment hook '/home/nwhit210/sub_ws/install/sub_rsp/share/sub_rsp/hook/cmake_prefix_path.ps1'
[11.093s] INFO:colcon.colcon_core.shell:Creating environment descriptor '/home/nwhit210/sub_ws/install/sub_rsp/share/sub_rsp/hook/cmake_prefix_path.dsv'
[11.094s] INFO:colcon.colcon_core.shell:Creating environment hook '/home/nwhit210/sub_ws/install/sub_rsp/share/sub_rsp/hook/cmake_prefix_path.sh'
[11.095s] Level 1:colcon.colcon_core.environment:checking '/home/nwhit210/sub_ws/install/sub_rsp/bin'
[11.096s] Level 1:colcon.colcon_core.environment:checking '/home/nwhit210/sub_ws/install/sub_rsp/lib/pkgconfig/sub_rsp.pc'
[11.096s] Level 1:colcon.colcon_core.environment:checking '/home/nwhit210/sub_ws/install/sub_rsp/lib/python3.10/site-packages'
[11.097s] Level 1:colcon.colcon_core.environment:checking '/home/nwhit210/sub_ws/install/sub_rsp/bin'
[11.098s] INFO:colcon.colcon_core.shell:Creating package script '/home/nwhit210/sub_ws/install/sub_rsp/share/sub_rsp/package.ps1'
[11.099s] INFO:colcon.colcon_core.shell:Creating package descriptor '/home/nwhit210/sub_ws/install/sub_rsp/share/sub_rsp/package.dsv'
[11.100s] INFO:colcon.colcon_core.shell:Creating package script '/home/nwhit210/sub_ws/install/sub_rsp/share/sub_rsp/package.sh'
[11.101s] INFO:colcon.colcon_core.shell:Creating package script '/home/nwhit210/sub_ws/install/sub_rsp/share/sub_rsp/package.bash'
[11.103s] INFO:colcon.colcon_core.shell:Creating package script '/home/nwhit210/sub_ws/install/sub_rsp/share/sub_rsp/package.zsh'
[11.105s] Level 1:colcon.colcon_core.environment:create_file_with_runtime_dependencies(/home/nwhit210/sub_ws/install/sub_rsp/share/colcon-core/packages/sub_rsp)
[11.106s] DEBUG:colcon.colcon_parallel_executor.executor.parallel:closing loop
[11.107s] DEBUG:colcon.colcon_parallel_executor.executor.parallel:loop closed
[11.108s] DEBUG:colcon.colcon_parallel_executor.executor.parallel:run_until_complete finished with '0'
[11.108s] DEBUG:colcon.colcon_core.event_reactor:joining thread
[11.377s] INFO:colcon.colcon_core.plugin_system:Skipping extension 'colcon_notification.desktop_notification.notify_send': Could not find 'notify-send'
[11.377s] INFO:colcon.colcon_core.plugin_system:Skipping extension 'colcon_notification.desktop_notification.terminal_notifier': Not used on non-Darwin systems
[11.378s] INFO:colcon.colcon_core.plugin_system:Skipping extension 'colcon_notification.desktop_notification.win32': Not used on non-Windows systems
[11.378s] INFO:colcon.colcon_notification.desktop_notification:Sending desktop notification using 'notify2'
[11.384s] DEBUG:colcon.colcon_notification.desktop_notification.notify2:Failed to initialize notify2: org.freedesktop.DBus.Error.FileNotFound: Failed to connect to socket /run/user/1000/bus: No such file or directory
[11.385s] DEBUG:colcon.colcon_core.event_reactor:joined thread
[11.386s] INFO:colcon.colcon_core.shell:Creating prefix script '/home/nwhit210/sub_ws/install/local_setup.ps1'
[11.389s] INFO:colcon.colcon_core.shell:Creating prefix util module '/home/nwhit210/sub_ws/install/_local_setup_util_ps1.py'
[11.394s] INFO:colcon.colcon_core.shell:Creating prefix chain script '/home/nwhit210/sub_ws/install/setup.ps1'
[11.398s] INFO:colcon.colcon_core.shell:Creating prefix script '/home/nwhit210/sub_ws/install/local_setup.sh'
[11.401s] INFO:colcon.colcon_core.shell:Creating prefix util module '/home/nwhit210/sub_ws/install/_local_setup_util_sh.py'
[11.404s] INFO:colcon.colcon_core.shell:Creating prefix chain script '/home/nwhit210/sub_ws/install/setup.sh'
[11.408s] INFO:colcon.colcon_core.shell:Creating prefix script '/home/nwhit210/sub_ws/install/local_setup.bash'
[11.410s] INFO:colcon.colcon_core.shell:Creating prefix chain script '/home/nwhit210/sub_ws/install/setup.bash'
[11.415s] INFO:colcon.colcon_core.shell:Creating prefix script '/home/nwhit210/sub_ws/install/local_setup.zsh'
[11.417s] INFO:colcon.colcon_core.shell:Creating prefix chain script '/home/nwhit210/sub_ws/install/setup.zsh'
