[0.028s] Invoking command in '/home/nwhit210/sub_ws/build/diffdrive_arduino': CMAKE_PREFIX_PATH=/opt/ros/humble /usr/bin/cmake /home/nwhit210/sub_ws/src/diffdrive_arduino -DCMAKE_INSTALL_PREFIX=/home/nwhit210/sub_ws/install/diffdrive_arduino
[0.604s] -- The CXX compiler identification is GNU 11.4.0
[1.398s] -- Detecting CXX compiler ABI info
[1.842s] -- Detecting CXX compiler ABI info - done
[1.852s] -- Check for working CXX compiler: /usr/bin/c++ - skipped
[1.855s] -- Detecting CXX compile features
[1.856s] -- Detecting CXX compile features - done
[1.870s] -- Found ament_cmake: 1.3.11 (/opt/ros/humble/share/ament_cmake/cmake)
[2.066s] -- Found Python3: /usr/bin/python3 (found version "3.10.12") found components: Interpreter 
[2.207s] -- Found hardware_interface: 2.50.0 (/opt/ros/humble/share/hardware_interface/cmake)
[2.672s] -- Found rosidl_generator_c: 3.1.6 (/opt/ros/humble/share/rosidl_generator_c/cmake)
[2.682s] -- Found rosidl_adapter: 3.1.6 (/opt/ros/humble/share/rosidl_adapter/cmake)
[2.701s] -- Found rosidl_generator_cpp: 3.1.6 (/opt/ros/humble/share/rosidl_generator_cpp/cmake)
[2.729s] -- Using all available rosidl_typesupport_c: rosidl_typesupport_fastrtps_c;rosidl_typesupport_introspection_c
[2.762s] -- Using all available rosidl_typesupport_cpp: rosidl_typesupport_fastrtps_cpp;rosidl_typesupport_introspection_cpp
[5.307s] -- Found rmw_implementation_cmake: 6.1.2 (/opt/ros/humble/share/rmw_implementation_cmake/cmake)
[5.313s] -- Found rmw_fastrtps_cpp: 6.2.7 (/opt/ros/humble/share/rmw_fastrtps_cpp/cmake)
[5.362s] -- Found TinyXML2 via Config file: TinyXML2_DIR-NOTFOUND
[5.428s] -- Found OpenSSL: /usr/lib/x86_64-linux-gnu/libcrypto.so (found version "3.0.2")  
[5.434s] -- Found TinyXML2 via Config file: TinyXML2_DIR-NOTFOUND
[5.812s] -- Found FastRTPS: /opt/ros/humble/include  
[5.819s] -- Found TinyXML2 via Config file: TinyXML2_DIR-NOTFOUND
[5.829s] -- Found TinyXML2 via Config file: TinyXML2_DIR-NOTFOUND
[6.070s] -- Using RMW implementation 'rmw_fastrtps_cpp' as default
[6.093s] -- Looking for C++ include pthread.h
[6.456s] -- Looking for C++ include pthread.h - found
[6.457s] -- Performing Test CMAKE_HAVE_LIBC_PTHREAD
[6.893s] -- Performing Test CMAKE_HAVE_LIBC_PTHREAD - Success
[6.895s] -- Found Threads: TRUE  
[6.999s] -- Found ament_cmake_gtest: 1.3.11 (/opt/ros/humble/share/ament_cmake_gtest/cmake)
[7.098s] -- Configuring done
[7.234s] -- Generating done
[7.242s] -- Build files have been written to: /home/nwhit210/sub_ws/build/diffdrive_arduino
[7.255s] Invoked command in '/home/nwhit210/sub_ws/build/diffdrive_arduino' returned '0': CMAKE_PREFIX_PATH=/opt/ros/humble /usr/bin/cmake /home/nwhit210/sub_ws/src/diffdrive_arduino -DCMAKE_INSTALL_PREFIX=/home/nwhit210/sub_ws/install/diffdrive_arduino
[7.257s] Invoking command in '/home/nwhit210/sub_ws/build/diffdrive_arduino': CMAKE_PREFIX_PATH=/opt/ros/humble /usr/bin/cmake --build /home/nwhit210/sub_ws/build/diffdrive_arduino -- -j8 -l8
[7.313s] [ 50%] [32mBuilding CXX object CMakeFiles/diffdrive_arduino.dir/hardware/diffbot_system.cpp.o[0m
[7.680s] In file included from [01m[K/home/nwhit210/sub_ws/src/diffdrive_arduino/hardware/include/diffdrive_arduino/diffbot_system.hpp:34[m[K,
[7.680s]                  from [01m[K/home/nwhit210/sub_ws/src/diffdrive_arduino/hardware/diffbot_system.cpp:15[m[K:
[7.681s] [01m[K/home/nwhit210/sub_ws/src/diffdrive_arduino/hardware/include/diffdrive_arduino/pigpio.hpp:7:10:[m[K [01;31m[Kfatal error: [m[KServo.h: No such file or directory
[7.681s]     7 | #include [01;31m[K<Servo.h>[m[K
[7.681s]       |          [01;31m[K^~~~~~~~~[m[K
[7.681s] compilation terminated.
[7.683s] gmake[2]: *** [CMakeFiles/diffdrive_arduino.dir/build.make:76: CMakeFiles/diffdrive_arduino.dir/hardware/diffbot_system.cpp.o] Error 1
[7.684s] gmake[1]: *** [CMakeFiles/Makefile2:137: CMakeFiles/diffdrive_arduino.dir/all] Error 2
[7.684s] gmake: *** [Makefile:146: all] Error 2
[7.687s] Invoked command in '/home/nwhit210/sub_ws/build/diffdrive_arduino' returned '2': CMAKE_PREFIX_PATH=/opt/ros/humble /usr/bin/cmake --build /home/nwhit210/sub_ws/build/diffdrive_arduino -- -j8 -l8
