[3.130s] DEBUG:colcon:Command line arguments: ['/usr/bin/colcon', 'build', '--packages-select', 'sub_rsp']
[3.130s] DEBUG:colcon:Parsed command line arguments: Namespace(log_base=None, log_level=None, verb_name='build', build_base='build', install_base='install', merge_install=False, symlink_install=False, test_result_base=None, continue_on_error=False, executor='parallel', parallel_workers=8, event_handlers=None, ignore_user_meta=False, metas=['./colcon.meta'], base_paths=['.'], packages_ignore=None, packages_ignore_regex=None, paths=None, packages_up_to=None, packages_up_to_regex=None, packages_above=None, packages_above_and_dependencies=None, packages_above_depth=None, packages_select_by_dep=None, packages_skip_by_dep=None, packages_skip_up_to=None, packages_select_build_failed=False, packages_skip_build_finished=False, packages_select_test_failures=False, packages_skip_test_passed=False, packages_select=['sub_rsp'], packages_skip=None, packages_select_regex=None, packages_skip_regex=None, packages_start=None, packages_end=None, allow_overriding=[], cmake_args=None, cmake_target=None, cmake_target_skip_unavailable=False, cmake_clean_cache=False, cmake_clean_first=False, cmake_force_configure=False, ament_cmake_args=None, catkin_cmake_args=None, catkin_skip_building_tests=False, mixin_files=None, mixin=None, verb_parser=<colcon_mixin.mixin.mixin_argument.MixinArgumentDecorator object at 0x7f6729fcd7e0>, verb_extension=<colcon_core.verb.build.BuildVerb object at 0x7f6729fccf70>, main=<bound method BuildVerb.main of <colcon_core.verb.build.BuildVerb object at 0x7f6729fccf70>>, mixin_verb=('build',))
[4.055s] Level 1:colcon.colcon_core.package_discovery:discover_packages(colcon_meta) check parameters
[4.056s] Level 1:colcon.colcon_core.package_discovery:discover_packages(recursive) check parameters
[4.056s] Level 1:colcon.colcon_core.package_discovery:discover_packages(ignore) check parameters
[4.056s] Level 1:colcon.colcon_core.package_discovery:discover_packages(path) check parameters
[4.056s] Level 1:colcon.colcon_core.package_discovery:discover_packages(colcon_meta) discover
[4.056s] Level 1:colcon.colcon_core.package_discovery:discover_packages(recursive) discover
[4.057s] INFO:colcon.colcon_core.package_discovery:Crawling recursively for packages in '/home/nwhit210/sub_ws'
[4.057s] Level 1:colcon.colcon_core.package_identification:_identify(.) by extensions ['ignore', 'ignore_ament_install']
[4.057s] Level 1:colcon.colcon_core.package_identification:_identify(.) by extension 'ignore'
[4.057s] Level 1:colcon.colcon_core.package_identification:_identify(.) by extension 'ignore_ament_install'
[4.058s] Level 1:colcon.colcon_core.package_identification:_identify(.) by extensions ['colcon_pkg']
[4.058s] Level 1:colcon.colcon_core.package_identification:_identify(.) by extension 'colcon_pkg'
[4.058s] Level 1:colcon.colcon_core.package_identification:_identify(.) by extensions ['colcon_meta']
[4.058s] Level 1:colcon.colcon_core.package_identification:_identify(.) by extension 'colcon_meta'
[4.058s] Level 1:colcon.colcon_core.package_identification:_identify(.) by extensions ['ros']
[4.058s] Level 1:colcon.colcon_core.package_identification:_identify(.) by extension 'ros'
[4.131s] Level 1:colcon.colcon_core.package_identification:_identify(.) by extensions ['cmake', 'python']
[4.132s] Level 1:colcon.colcon_core.package_identification:_identify(.) by extension 'cmake'
[4.132s] Level 1:colcon.colcon_core.package_identification:_identify(.) by extension 'python'
[4.132s] Level 1:colcon.colcon_core.package_identification:_identify(.) by extensions ['python_setup_py']
[4.132s] Level 1:colcon.colcon_core.package_identification:_identify(.) by extension 'python_setup_py'
[4.132s] Level 1:colcon.colcon_core.package_identification:_identify(build) by extensions ['ignore', 'ignore_ament_install']
[4.133s] Level 1:colcon.colcon_core.package_identification:_identify(build) by extension 'ignore'
[4.133s] Level 1:colcon.colcon_core.package_identification:_identify(build) ignored
[4.133s] Level 1:colcon.colcon_core.package_identification:_identify(install) by extensions ['ignore', 'ignore_ament_install']
[4.134s] Level 1:colcon.colcon_core.package_identification:_identify(install) by extension 'ignore'
[4.134s] Level 1:colcon.colcon_core.package_identification:_identify(install) ignored
[4.134s] Level 1:colcon.colcon_core.package_identification:_identify(log) by extensions ['ignore', 'ignore_ament_install']
[4.138s] Level 1:colcon.colcon_core.package_identification:_identify(log) by extension 'ignore'
[4.139s] Level 1:colcon.colcon_core.package_identification:_identify(log) ignored
[4.139s] Level 1:colcon.colcon_core.package_identification:_identify(src) by extensions ['ignore', 'ignore_ament_install']
[4.140s] Level 1:colcon.colcon_core.package_identification:_identify(src) by extension 'ignore'
[4.140s] Level 1:colcon.colcon_core.package_identification:_identify(src) by extension 'ignore_ament_install'
[4.140s] Level 1:colcon.colcon_core.package_identification:_identify(src) by extensions ['colcon_pkg']
[4.140s] Level 1:colcon.colcon_core.package_identification:_identify(src) by extension 'colcon_pkg'
[4.140s] Level 1:colcon.colcon_core.package_identification:_identify(src) by extensions ['colcon_meta']
[4.140s] Level 1:colcon.colcon_core.package_identification:_identify(src) by extension 'colcon_meta'
[4.140s] Level 1:colcon.colcon_core.package_identification:_identify(src) by extensions ['ros']
[4.140s] Level 1:colcon.colcon_core.package_identification:_identify(src) by extension 'ros'
[4.141s] Level 1:colcon.colcon_core.package_identification:_identify(src) by extensions ['cmake', 'python']
[4.141s] Level 1:colcon.colcon_core.package_identification:_identify(src) by extension 'cmake'
[4.141s] Level 1:colcon.colcon_core.package_identification:_identify(src) by extension 'python'
[4.141s] Level 1:colcon.colcon_core.package_identification:_identify(src) by extensions ['python_setup_py']
[4.141s] Level 1:colcon.colcon_core.package_identification:_identify(src) by extension 'python_setup_py'
[4.141s] Level 1:colcon.colcon_core.package_identification:_identify(src/diffdrive_arduino) by extensions ['ignore', 'ignore_ament_install']
[4.141s] Level 1:colcon.colcon_core.package_identification:_identify(src/diffdrive_arduino) by extension 'ignore'
[4.141s] Level 1:colcon.colcon_core.package_identification:_identify(src/diffdrive_arduino) by extension 'ignore_ament_install'
[4.141s] Level 1:colcon.colcon_core.package_identification:_identify(src/diffdrive_arduino) by extensions ['colcon_pkg']
[4.142s] Level 1:colcon.colcon_core.package_identification:_identify(src/diffdrive_arduino) by extension 'colcon_pkg'
[4.142s] Level 1:colcon.colcon_core.package_identification:_identify(src/diffdrive_arduino) by extensions ['colcon_meta']
[4.142s] Level 1:colcon.colcon_core.package_identification:_identify(src/diffdrive_arduino) by extension 'colcon_meta'
[4.142s] Level 1:colcon.colcon_core.package_identification:_identify(src/diffdrive_arduino) by extensions ['ros']
[4.142s] Level 1:colcon.colcon_core.package_identification:_identify(src/diffdrive_arduino) by extension 'ros'
[4.152s] DEBUG:colcon.colcon_core.package_identification:Package 'src/diffdrive_arduino' with type 'ros.ament_cmake' and name 'diffdrive_arduino'
[4.157s] Level 1:colcon.colcon_core.package_identification:_identify(src/mecanum_drive_controller) by extensions ['ignore', 'ignore_ament_install']
[4.157s] Level 1:colcon.colcon_core.package_identification:_identify(src/mecanum_drive_controller) by extension 'ignore'
[4.158s] Level 1:colcon.colcon_core.package_identification:_identify(src/mecanum_drive_controller) by extension 'ignore_ament_install'
[4.158s] Level 1:colcon.colcon_core.package_identification:_identify(src/mecanum_drive_controller) by extensions ['colcon_pkg']
[4.158s] Level 1:colcon.colcon_core.package_identification:_identify(src/mecanum_drive_controller) by extension 'colcon_pkg'
[4.158s] Level 1:colcon.colcon_core.package_identification:_identify(src/mecanum_drive_controller) by extensions ['colcon_meta']
[4.159s] Level 1:colcon.colcon_core.package_identification:_identify(src/mecanum_drive_controller) by extension 'colcon_meta'
[4.159s] Level 1:colcon.colcon_core.package_identification:_identify(src/mecanum_drive_controller) by extensions ['ros']
[4.159s] Level 1:colcon.colcon_core.package_identification:_identify(src/mecanum_drive_controller) by extension 'ros'
[4.167s] DEBUG:colcon.colcon_core.package_identification:Package 'src/mecanum_drive_controller' with type 'ros.ament_cmake' and name 'mecanum_drive_controller'
[4.168s] Level 1:colcon.colcon_core.package_identification:_identify(src/sub_rsp) by extensions ['ignore', 'ignore_ament_install']
[4.168s] Level 1:colcon.colcon_core.package_identification:_identify(src/sub_rsp) by extension 'ignore'
[4.168s] Level 1:colcon.colcon_core.package_identification:_identify(src/sub_rsp) by extension 'ignore_ament_install'
[4.168s] Level 1:colcon.colcon_core.package_identification:_identify(src/sub_rsp) by extensions ['colcon_pkg']
[4.168s] Level 1:colcon.colcon_core.package_identification:_identify(src/sub_rsp) by extension 'colcon_pkg'
[4.169s] Level 1:colcon.colcon_core.package_identification:_identify(src/sub_rsp) by extensions ['colcon_meta']
[4.169s] Level 1:colcon.colcon_core.package_identification:_identify(src/sub_rsp) by extension 'colcon_meta'
[4.169s] Level 1:colcon.colcon_core.package_identification:_identify(src/sub_rsp) by extensions ['ros']
[4.169s] Level 1:colcon.colcon_core.package_identification:_identify(src/sub_rsp) by extension 'ros'
[4.174s] DEBUG:colcon.colcon_core.package_identification:Package 'src/sub_rsp' with type 'ros.ament_cmake' and name 'sub_rsp'
[4.174s] Level 1:colcon.colcon_core.package_discovery:discover_packages(recursive) using defaults
[4.175s] Level 1:colcon.colcon_core.package_discovery:discover_packages(ignore) discover
[4.175s] Level 1:colcon.colcon_core.package_discovery:discover_packages(ignore) using defaults
[4.175s] Level 1:colcon.colcon_core.package_discovery:discover_packages(path) discover
[4.175s] Level 1:colcon.colcon_core.package_discovery:discover_packages(path) using defaults
[4.293s] INFO:colcon.colcon_core.package_selection:Skipping not selected package 'diffdrive_arduino' in 'src/diffdrive_arduino'
[4.294s] INFO:colcon.colcon_core.package_selection:Skipping not selected package 'mecanum_drive_controller' in 'src/mecanum_drive_controller'
[4.295s] Level 1:colcon.colcon_core.package_discovery:discover_packages(prefix_path) check parameters
[4.296s] Level 1:colcon.colcon_core.package_discovery:discover_packages(prefix_path) discover
[4.308s] DEBUG:colcon.colcon_installed_package_information.package_discovery:Found 1 installed packages in /home/nwhit210/sub_ws/install
[4.322s] DEBUG:colcon.colcon_installed_package_information.package_discovery:Found 392 installed packages in /opt/ros/humble
[4.343s] Level 1:colcon.colcon_core.package_discovery:discover_packages(prefix_path) using defaults
[4.733s] Level 5:colcon.colcon_core.verb:set package 'sub_rsp' build argument 'cmake_args' from command line to 'None'
[4.733s] Level 5:colcon.colcon_core.verb:set package 'sub_rsp' build argument 'cmake_target' from command line to 'None'
[4.733s] Level 5:colcon.colcon_core.verb:set package 'sub_rsp' build argument 'cmake_target_skip_unavailable' from command line to 'False'
[4.733s] Level 5:colcon.colcon_core.verb:set package 'sub_rsp' build argument 'cmake_clean_cache' from command line to 'False'
[4.733s] Level 5:colcon.colcon_core.verb:set package 'sub_rsp' build argument 'cmake_clean_first' from command line to 'False'
[4.734s] Level 5:colcon.colcon_core.verb:set package 'sub_rsp' build argument 'cmake_force_configure' from command line to 'False'
[4.734s] Level 5:colcon.colcon_core.verb:set package 'sub_rsp' build argument 'ament_cmake_args' from command line to 'None'
[4.734s] Level 5:colcon.colcon_core.verb:set package 'sub_rsp' build argument 'catkin_cmake_args' from command line to 'None'
[4.734s] Level 5:colcon.colcon_core.verb:set package 'sub_rsp' build argument 'catkin_skip_building_tests' from command line to 'False'
[4.734s] DEBUG:colcon.colcon_core.verb:Building package 'sub_rsp' with the following arguments: {'ament_cmake_args': None, 'build_base': '/home/nwhit210/sub_ws/build/sub_rsp', 'catkin_cmake_args': None, 'catkin_skip_building_tests': False, 'cmake_args': None, 'cmake_clean_cache': False, 'cmake_clean_first': False, 'cmake_force_configure': False, 'cmake_target': None, 'cmake_target_skip_unavailable': False, 'install_base': '/home/nwhit210/sub_ws/install/sub_rsp', 'merge_install': False, 'path': '/home/nwhit210/sub_ws/src/sub_rsp', 'symlink_install': False, 'test_result_base': None}
[4.735s] INFO:colcon.colcon_core.executor:Executing jobs using 'parallel' executor
[4.741s] DEBUG:colcon.colcon_parallel_executor.executor.parallel:run_until_complete
[4.743s] INFO:colcon.colcon_ros.task.ament_cmake.build:Building ROS package in '/home/nwhit210/sub_ws/src/sub_rsp' with build type 'ament_cmake'
[4.745s] INFO:colcon.colcon_cmake.task.cmake.build:Building CMake package in '/home/nwhit210/sub_ws/src/sub_rsp'
[4.755s] INFO:colcon.colcon_core.plugin_system:Skipping extension 'colcon_core.shell.bat': Not used on non-Windows systems
[4.756s] INFO:colcon.colcon_core.shell:Skip shell extension 'powershell' for command environment: Not usable outside of PowerShell
[4.756s] DEBUG:colcon.colcon_core.shell:Skip shell extension 'dsv' for command environment
[4.802s] DEBUG:colcon.colcon_core.event_handler.log_command:Invoking command in '/home/nwhit210/sub_ws/build/sub_rsp': CMAKE_PREFIX_PATH=${CMAKE_PREFIX_PATH}:/opt/ros/humble /usr/bin/cmake --build /home/nwhit210/sub_ws/build/sub_rsp -- -j8 -l8
[4.906s] DEBUG:colcon.colcon_core.event_handler.log_command:Invoked command in '/home/nwhit210/sub_ws/build/sub_rsp' returned '0': CMAKE_PREFIX_PATH=${CMAKE_PREFIX_PATH}:/opt/ros/humble /usr/bin/cmake --build /home/nwhit210/sub_ws/build/sub_rsp -- -j8 -l8
[4.931s] DEBUG:colcon.colcon_core.event_handler.log_command:Invoking command in '/home/nwhit210/sub_ws/build/sub_rsp': CMAKE_PREFIX_PATH=${CMAKE_PREFIX_PATH}:/opt/ros/humble /usr/bin/cmake --install /home/nwhit210/sub_ws/build/sub_rsp
[4.964s] Level 1:colcon.colcon_core.environment:create_environment_scripts_only(sub_rsp)
[5.007s] DEBUG:colcon.colcon_core.event_handler.log_command:Invoked command in '/home/nwhit210/sub_ws/build/sub_rsp' returned '0': CMAKE_PREFIX_PATH=${CMAKE_PREFIX_PATH}:/opt/ros/humble /usr/bin/cmake --install /home/nwhit210/sub_ws/build/sub_rsp
[5.008s] Level 1:colcon.colcon_core.environment:checking '/home/nwhit210/sub_ws/install/sub_rsp' for CMake module files
[5.010s] Level 1:colcon.colcon_core.environment:checking '/home/nwhit210/sub_ws/install/sub_rsp' for CMake config files
[5.011s] Level 1:colcon.colcon_core.shell:create_environment_hook('sub_rsp', 'cmake_prefix_path')
[5.011s] INFO:colcon.colcon_core.shell:Creating environment hook '/home/nwhit210/sub_ws/install/sub_rsp/share/sub_rsp/hook/cmake_prefix_path.ps1'
[5.013s] INFO:colcon.colcon_core.shell:Creating environment descriptor '/home/nwhit210/sub_ws/install/sub_rsp/share/sub_rsp/hook/cmake_prefix_path.dsv'
[5.014s] INFO:colcon.colcon_core.shell:Creating environment hook '/home/nwhit210/sub_ws/install/sub_rsp/share/sub_rsp/hook/cmake_prefix_path.sh'
[5.016s] Level 1:colcon.colcon_core.environment:checking '/home/nwhit210/sub_ws/install/sub_rsp/bin'
[5.017s] Level 1:colcon.colcon_core.environment:checking '/home/nwhit210/sub_ws/install/sub_rsp/lib/pkgconfig/sub_rsp.pc'
[5.017s] Level 1:colcon.colcon_core.environment:checking '/home/nwhit210/sub_ws/install/sub_rsp/lib/python3.10/site-packages'
[5.018s] Level 1:colcon.colcon_core.environment:checking '/home/nwhit210/sub_ws/install/sub_rsp/bin'
[5.019s] INFO:colcon.colcon_core.shell:Creating package script '/home/nwhit210/sub_ws/install/sub_rsp/share/sub_rsp/package.ps1'
[5.022s] INFO:colcon.colcon_core.shell:Creating package descriptor '/home/nwhit210/sub_ws/install/sub_rsp/share/sub_rsp/package.dsv'
[5.023s] INFO:colcon.colcon_core.shell:Creating package script '/home/nwhit210/sub_ws/install/sub_rsp/share/sub_rsp/package.sh'
[5.025s] INFO:colcon.colcon_core.shell:Creating package script '/home/nwhit210/sub_ws/install/sub_rsp/share/sub_rsp/package.bash'
[5.028s] INFO:colcon.colcon_core.shell:Creating package script '/home/nwhit210/sub_ws/install/sub_rsp/share/sub_rsp/package.zsh'
[5.030s] Level 1:colcon.colcon_core.environment:create_file_with_runtime_dependencies(/home/nwhit210/sub_ws/install/sub_rsp/share/colcon-core/packages/sub_rsp)
[5.031s] Level 1:colcon.colcon_core.environment:create_environment_scripts_only(sub_rsp)
[5.032s] Level 1:colcon.colcon_core.environment:checking '/home/nwhit210/sub_ws/install/sub_rsp' for CMake module files
[5.033s] Level 1:colcon.colcon_core.environment:checking '/home/nwhit210/sub_ws/install/sub_rsp' for CMake config files
[5.034s] Level 1:colcon.colcon_core.shell:create_environment_hook('sub_rsp', 'cmake_prefix_path')
[5.034s] INFO:colcon.colcon_core.shell:Creating environment hook '/home/nwhit210/sub_ws/install/sub_rsp/share/sub_rsp/hook/cmake_prefix_path.ps1'
[5.035s] INFO:colcon.colcon_core.shell:Creating environment descriptor '/home/nwhit210/sub_ws/install/sub_rsp/share/sub_rsp/hook/cmake_prefix_path.dsv'
[5.036s] INFO:colcon.colcon_core.shell:Creating environment hook '/home/nwhit210/sub_ws/install/sub_rsp/share/sub_rsp/hook/cmake_prefix_path.sh'
[5.038s] Level 1:colcon.colcon_core.environment:checking '/home/nwhit210/sub_ws/install/sub_rsp/bin'
[5.038s] Level 1:colcon.colcon_core.environment:checking '/home/nwhit210/sub_ws/install/sub_rsp/lib/pkgconfig/sub_rsp.pc'
[5.039s] Level 1:colcon.colcon_core.environment:checking '/home/nwhit210/sub_ws/install/sub_rsp/lib/python3.10/site-packages'
[5.039s] Level 1:colcon.colcon_core.environment:checking '/home/nwhit210/sub_ws/install/sub_rsp/bin'
[5.041s] INFO:colcon.colcon_core.shell:Creating package script '/home/nwhit210/sub_ws/install/sub_rsp/share/sub_rsp/package.ps1'
[5.044s] INFO:colcon.colcon_core.shell:Creating package descriptor '/home/nwhit210/sub_ws/install/sub_rsp/share/sub_rsp/package.dsv'
[5.046s] INFO:colcon.colcon_core.shell:Creating package script '/home/nwhit210/sub_ws/install/sub_rsp/share/sub_rsp/package.sh'
[5.048s] INFO:colcon.colcon_core.shell:Creating package script '/home/nwhit210/sub_ws/install/sub_rsp/share/sub_rsp/package.bash'
[5.051s] INFO:colcon.colcon_core.shell:Creating package script '/home/nwhit210/sub_ws/install/sub_rsp/share/sub_rsp/package.zsh'
[5.054s] Level 1:colcon.colcon_core.environment:create_file_with_runtime_dependencies(/home/nwhit210/sub_ws/install/sub_rsp/share/colcon-core/packages/sub_rsp)
[5.055s] DEBUG:colcon.colcon_parallel_executor.executor.parallel:closing loop
[5.057s] DEBUG:colcon.colcon_parallel_executor.executor.parallel:loop closed
[5.058s] DEBUG:colcon.colcon_parallel_executor.executor.parallel:run_until_complete finished with '0'
[5.059s] DEBUG:colcon.colcon_core.event_reactor:joining thread
[5.390s] INFO:colcon.colcon_core.plugin_system:Skipping extension 'colcon_notification.desktop_notification.notify_send': Could not find 'notify-send'
[5.390s] INFO:colcon.colcon_core.plugin_system:Skipping extension 'colcon_notification.desktop_notification.terminal_notifier': Not used on non-Darwin systems
[5.391s] INFO:colcon.colcon_core.plugin_system:Skipping extension 'colcon_notification.desktop_notification.win32': Not used on non-Windows systems
[5.391s] INFO:colcon.colcon_notification.desktop_notification:Sending desktop notification using 'notify2'
[5.392s] DEBUG:colcon.colcon_notification.desktop_notification.notify2:Failed to initialize notify2: org.freedesktop.DBus.Error.FileNotFound: Failed to connect to socket /run/user/1000/bus: No such file or directory
[5.392s] DEBUG:colcon.colcon_core.event_reactor:joined thread
[5.393s] INFO:colcon.colcon_core.shell:Creating prefix script '/home/nwhit210/sub_ws/install/local_setup.ps1'
[5.397s] INFO:colcon.colcon_core.shell:Creating prefix util module '/home/nwhit210/sub_ws/install/_local_setup_util_ps1.py'
[5.403s] INFO:colcon.colcon_core.shell:Creating prefix chain script '/home/nwhit210/sub_ws/install/setup.ps1'
[5.407s] INFO:colcon.colcon_core.shell:Creating prefix script '/home/nwhit210/sub_ws/install/local_setup.sh'
[5.409s] INFO:colcon.colcon_core.shell:Creating prefix util module '/home/nwhit210/sub_ws/install/_local_setup_util_sh.py'
[5.412s] INFO:colcon.colcon_core.shell:Creating prefix chain script '/home/nwhit210/sub_ws/install/setup.sh'
[5.416s] INFO:colcon.colcon_core.shell:Creating prefix script '/home/nwhit210/sub_ws/install/local_setup.bash'
[5.419s] INFO:colcon.colcon_core.shell:Creating prefix chain script '/home/nwhit210/sub_ws/install/setup.bash'
[5.423s] INFO:colcon.colcon_core.shell:Creating prefix script '/home/nwhit210/sub_ws/install/local_setup.zsh'
[5.424s] INFO:colcon.colcon_core.shell:Creating prefix chain script '/home/nwhit210/sub_ws/install/setup.zsh'
