[0.230s] Invoking command in '/home/nwhit210/sub_ws/build/diffdrive_arduino': CMAKE_PREFIX_PATH=/opt/ros/humble /usr/bin/cmake /home/nwhit210/sub_ws/src/diffdrive_arduino -DCMAKE_INSTALL_PREFIX=/home/nwhit210/sub_ws/install/diffdrive_arduino
[2.872s] -- The CXX compiler identification is GNU 11.4.0
[7.593s] -- Detecting CXX compiler ABI info
[8.631s] -- Detecting CXX compiler ABI info - done
[8.684s] -- Check for working CXX compiler: /usr/bin/c++ - skipped
[8.685s] -- Detecting CXX compile features
[8.688s] -- Detecting CXX compile features - done
[8.711s] -- Found ament_cmake: 1.3.11 (/opt/ros/humble/share/ament_cmake/cmake)
[9.673s] -- Found Python3: /usr/bin/python3 (found version "3.10.12") found components: Interpreter 
[10.582s] -- Found hardware_interface: 2.50.0 (/opt/ros/humble/share/hardware_interface/cmake)
[14.570s] -- Found rosidl_generator_c: 3.1.6 (/opt/ros/humble/share/rosidl_generator_c/cmake)
[14.609s] -- Found rosidl_adapter: 3.1.6 (/opt/ros/humble/share/rosidl_adapter/cmake)
[14.693s] -- Found rosidl_generator_cpp: 3.1.6 (/opt/ros/humble/share/rosidl_generator_cpp/cmake)
[14.849s] -- Using all available rosidl_typesupport_c: rosidl_typesupport_fastrtps_c;rosidl_typesupport_introspection_c
[15.007s] -- Using all available rosidl_typesupport_cpp: rosidl_typesupport_fastrtps_cpp;rosidl_typesupport_introspection_cpp
[22.158s] -- Found rmw_implementation_cmake: 6.1.2 (/opt/ros/humble/share/rmw_implementation_cmake/cmake)
[22.182s] -- Found rmw_fastrtps_cpp: 6.2.7 (/opt/ros/humble/share/rmw_fastrtps_cpp/cmake)
[22.433s] -- Found TinyXML2 via Config file: TinyXML2_DIR-NOTFOUND
[22.816s] -- Found OpenSSL: /usr/lib/x86_64-linux-gnu/libcrypto.so (found version "3.0.2")  
[22.839s] -- Found TinyXML2 via Config file: TinyXML2_DIR-NOTFOUND
[24.139s] -- Found FastRTPS: /opt/ros/humble/include  
[24.161s] -- Found TinyXML2 via Config file: TinyXML2_DIR-NOTFOUND
[24.195s] -- Found TinyXML2 via Config file: TinyXML2_DIR-NOTFOUND
[24.746s] -- Using RMW implementation 'rmw_fastrtps_cpp' as default
[24.808s] -- Looking for C++ include pthread.h
[25.718s] -- Looking for C++ include pthread.h - found
[25.722s] -- Performing Test CMAKE_HAVE_LIBC_PTHREAD
[26.792s] -- Performing Test CMAKE_HAVE_LIBC_PTHREAD - Success
[26.798s] -- Found Threads: TRUE  
[27.311s] -- Found ament_cmake_gtest: 1.3.11 (/opt/ros/humble/share/ament_cmake_gtest/cmake)
[27.791s] -- Configuring done
[28.530s] -- Generating done
[28.567s] -- Build files have been written to: /home/nwhit210/sub_ws/build/diffdrive_arduino
[28.615s] Invoked command in '/home/nwhit210/sub_ws/build/diffdrive_arduino' returned '0': CMAKE_PREFIX_PATH=/opt/ros/humble /usr/bin/cmake /home/nwhit210/sub_ws/src/diffdrive_arduino -DCMAKE_INSTALL_PREFIX=/home/nwhit210/sub_ws/install/diffdrive_arduino
[28.617s] Invoking command in '/home/nwhit210/sub_ws/build/diffdrive_arduino': CMAKE_PREFIX_PATH=/opt/ros/humble /usr/bin/cmake --build /home/nwhit210/sub_ws/build/diffdrive_arduino -- -j8 -l8
[28.860s] [ 50%] [32mBuilding CXX object CMakeFiles/diffdrive_arduino.dir/hardware/diffbot_system.cpp.o[0m
[30.287s] In file included from [01m[K/home/nwhit210/sub_ws/src/diffdrive_arduino/hardware/include/diffdrive_arduino/diffbot_system.hpp:34[m[K,
[30.287s]                  from [01m[K/home/nwhit210/sub_ws/src/diffdrive_arduino/hardware/diffbot_system.cpp:15[m[K:
[30.288s] [01m[K/home/nwhit210/sub_ws/src/diffdrive_arduino/hardware/include/diffdrive_arduino/pigpio.hpp:5:10:[m[K [01;31m[Kfatal error: [m[Kpigpio.h: No such file or directory
[30.288s]     5 | #include [01;31m[K<pigpio.h>[m[K
[30.288s]       |          [01;31m[K^~~~~~~~~~[m[K
[30.291s] compilation terminated.
[30.293s] gmake[2]: *** [CMakeFiles/diffdrive_arduino.dir/build.make:76: CMakeFiles/diffdrive_arduino.dir/hardware/diffbot_system.cpp.o] Error 1
[30.294s] gmake[1]: *** [CMakeFiles/Makefile2:137: CMakeFiles/diffdrive_arduino.dir/all] Error 2
[30.295s] gmake: *** [Makefile:146: all] Error 2
[30.302s] Invoked command in '/home/nwhit210/sub_ws/build/diffdrive_arduino' returned '2': CMAKE_PREFIX_PATH=/opt/ros/humble /usr/bin/cmake --build /home/nwhit210/sub_ws/build/diffdrive_arduino -- -j8 -l8
